Using pre-set license
Built from '2023.2/staging' branch; Version is '2023.2.2f1 (dfe9eb92cac5) revision 14674411'; Using compiler version '193431935'; Build Type 'Release'
OS: 'Windows 11  (10.0.22631) 64bit Core' Language: 'fr' Physical Memory: 32694 MB
BatchMode: 1, IsHumanControllingUs: 0, StartBugReporterOnCrash: 0, Is64bit: 1, IsPro: 1

COMMAND LINE ARGUMENTS:
D:\Unity\2023.2.2f1\Editor\Unity.exe
-adb2
-batchMode
-noUpm
-name
AssetImportWorker3
-projectPath
D:/Stuff/Unity Projects/Year-Zero
-logFile
Logs/AssetImportWorker3.log
-srvPort
56761
-job-worker-count
7
-background-job-worker-count
8
-asset-garbage-collectors
1
Successfully changed project path to: D:/Stuff/Unity Projects/Year-Zero
D:/Stuff/Unity Projects/Year-Zero
[UnityMemory] Configuration Parameters - Can be set up in boot.config
    "memorysetup-bucket-allocator-granularity=16"
    "memorysetup-bucket-allocator-bucket-count=8"
    "memorysetup-bucket-allocator-block-size=33554432"
    "memorysetup-bucket-allocator-block-count=8"
    "memorysetup-main-allocator-block-size=16777216"
    "memorysetup-thread-allocator-block-size=16777216"
    "memorysetup-gfx-main-allocator-block-size=16777216"
    "memorysetup-gfx-thread-allocator-block-size=16777216"
    "memorysetup-cache-allocator-block-size=4194304"
    "memorysetup-typetree-allocator-block-size=2097152"
    "memorysetup-profiler-bucket-allocator-granularity=16"
    "memorysetup-profiler-bucket-allocator-bucket-count=8"
    "memorysetup-profiler-bucket-allocator-block-size=33554432"
    "memorysetup-profiler-bucket-allocator-block-count=8"
    "memorysetup-profiler-allocator-block-size=16777216"
    "memorysetup-profiler-editor-allocator-block-size=1048576"
    "memorysetup-temp-allocator-size-main=16777216"
    "memorysetup-job-temp-allocator-block-size=2097152"
    "memorysetup-job-temp-allocator-block-size-background=1048576"
    "memorysetup-job-temp-allocator-reduction-small-platforms=262144"
    "memorysetup-allocator-temp-initial-block-size-main=262144"
    "memorysetup-allocator-temp-initial-block-size-worker=262144"
    "memorysetup-temp-allocator-size-background-worker=32768"
    "memorysetup-temp-allocator-size-job-worker=262144"
    "memorysetup-temp-allocator-size-preload-manager=33554432"
    "memorysetup-temp-allocator-size-nav-mesh-worker=65536"
    "memorysetup-temp-allocator-size-audio-worker=65536"
    "memorysetup-temp-allocator-size-cloud-worker=32768"
    "memorysetup-temp-allocator-size-gi-baking-worker=262144"
    "memorysetup-temp-allocator-size-gi-baking-worker=262144"
    "memorysetup-temp-allocator-size-gi-baking-worker=262144"
    "memorysetup-temp-allocator-size-gi-baking-worker=262144"
    "memorysetup-temp-allocator-size-gfx=262144"
Player connection [6004] Host "[IP] 25.21.98.215 [Port] 0 [Flags] 2 [Guid] 3252524638 [EditorId] 3252524638 [Version] 1048832 [Id] WindowsEditor(7,PC-Axel) [Debug] 1 [PackageName] WindowsEditor [ProjectName] Editor" joined multi-casting on [225.0.0.222:54997]...
Player connection [6004] Host "[IP] 25.21.98.215 [Port] 0 [Flags] 2 [Guid] 3252524638 [EditorId] 3252524638 [Version] 1048832 [Id] WindowsEditor(7,PC-Axel) [Debug] 1 [PackageName] WindowsEditor [ProjectName] Editor" joined alternative multi-casting on [225.0.0.222:34997]...
JobSystem: Creating JobQueue using job-worker-count value 7
[Physics::Module] Initialized MultithreadedJobDispatcher with 7 workers.
Library Redirect Path: Library/
Refreshing native plugins compatible for Editor in 8.93 ms, found 3 plugins.
Preloading 0 native plugins for Editor in 0.00 ms.
Initialize engine version: 2023.2.2f1 (dfe9eb92cac5)
[Subsystems] Discovering subsystems at path D:/Unity/2023.2.2f1/Editor/Data/Resources/UnitySubsystems
[Subsystems] Discovering subsystems at path D:/Stuff/Unity Projects/Year-Zero/Assets
GfxDevice: creating device client; kGfxThreadingModeNonThreaded
Direct3D:
    Version:  Direct3D 11.0 [level 11.1]
    Renderer: NVIDIA GeForce RTX 4090 (ID=0x2684)
    Vendor:   NVIDIA
    VRAM:     24156 MB
    Driver:   31.0.15.4601
Initialize mono
Mono path[0] = 'D:/Unity/2023.2.2f1/Editor/Data/Managed'
Mono path[1] = 'D:/Unity/2023.2.2f1/Editor/Data/MonoBleedingEdge/lib/mono/unityjit-win32'
Mono config path = 'D:/Unity/2023.2.2f1/Editor/Data/MonoBleedingEdge/etc'
Using monoOptions --debugger-agent=transport=dt_socket,embedding=1,server=y,suspend=n,address=127.0.0.1:56508
Begin MonoManager ReloadAssembly
C:\build\output\Unity-Technologies\mono\mono\metadata\icall.c:1842:
C:\build\output\Unity-Technologies\mono\mono\metadata\icall.c:1842:
C:\build\output\Unity-Technologies\mono\mono\metadata\icall.c:1842:
C:\build\output\Unity-Technologies\mono\mono\metadata\icall.c:1842:
C:\build\output\Unity-Technologies\mono\mono\metadata\icall.c:1842:
C:\build\output\Unity-Technologies\mono\mono\metadata\icall.c:1842:
C:\build\output\Unity-Technologies\mono\mono\metadata\icall.c:1842:
C:\build\output\Unity-Technologies\mono\mono\metadata\icall.c:1842:
C:\build\output\Unity-Technologies\mono\mono\metadata\icall.c:1842:
C:\build\output\Unity-Technologies\mono\mono\metadata\icall.c:1842:
Registering precompiled unity dll's ...
Register platform support module: D:/Unity/2023.2.2f1/Editor/Data/PlaybackEngines/WindowsStandaloneSupport/UnityEditor.WindowsStandalone.Extensions.dll
Register platform support module: D:/Unity/2023.2.2f1/Editor/Data/PlaybackEngines/AndroidPlayer/UnityEditor.Android.Extensions.dll
Register platform support module: D:/Unity/2023.2.2f1/Editor/Data/PlaybackEngines/iOSSupport/UnityEditor.iOS.Extensions.dll
Registered in 0.003433 seconds.
- Loaded All Assemblies, in  0.324 seconds
[usbmuxd] Start listen thread
[usbmuxd] Listen thread started
Native extension for iOS target not found
Native extension for Android target not found
Android Extension - Scanning For ADB Devices 249 ms
Native extension for WindowsStandalone target not found
Mono: successfully reloaded assembly
C:\build\output\Unity-Technologies\mono\mono\metadata\icall.c:1842:
C:\build\output\Unity-Technologies\mono\mono\metadata\icall.c:1842:
- Finished resetting the current domain, in  0.557 seconds
Domain Reload Profiling: 880ms
	BeginReloadAssembly (121ms)
		ExecutionOrderSort (0ms)
		DisableScriptedObjects (0ms)
		BackupInstance (0ms)
		ReleaseScriptingObjects (0ms)
		CreateAndSetChildDomain (1ms)
	RebuildCommonClasses (31ms)
	RebuildNativeTypeToScriptingClass (10ms)
	initialDomainReloadingComplete (36ms)
	LoadAllAssembliesAndSetupDomain (126ms)
		LoadAssemblies (121ms)
		RebuildTransferFunctionScriptingTraits (0ms)
		AnalyzeDomain (123ms)
			TypeCache.Refresh (122ms)
				TypeCache.ScanAssembly (112ms)
			BuildScriptInfoCaches (0ms)
			ResolveRequiredComponents (0ms)
	FinalizeReload (557ms)
		ReleaseScriptCaches (0ms)
		RebuildScriptCaches (0ms)
		SetupLoadedEditorAssemblies (516ms)
			LogAssemblyErrors (0ms)
			InitializePlatformSupportModulesInManaged (348ms)
			SetLoadedEditorAssemblies (3ms)
			BeforeProcessingInitializeOnLoad (6ms)
			ProcessInitializeOnLoadAttributes (120ms)
			ProcessInitializeOnLoadMethodAttributes (39ms)
			AfterProcessingInitializeOnLoad (0ms)
			EditorAssembliesLoaded (0ms)
		ExecutionOrderSort2 (0ms)
		AwakeInstancesAfterBackupRestoration (0ms)
========================================================================
Worker process is ready to serve import requests
Import Worker Mode flag is 0x00
Begin MonoManager ReloadAssembly
C:\build\output\Unity-Technologies\mono\mono\metadata\icall.c:1842:
C:\build\output\Unity-Technologies\mono\mono\metadata\icall.c:1842:
C:\build\output\Unity-Technologies\mono\mono\metadata\icall.c:1842:
C:\build\output\Unity-Technologies\mono\mono\metadata\icall.c:1842:
C:\build\output\Unity-Technologies\mono\mono\metadata\icall.c:1842:
C:\build\output\Unity-Technologies\mono\mono\metadata\icall.c:1842:
C:\build\output\Unity-Technologies\mono\mono\metadata\icall.c:1842:
C:\build\output\Unity-Technologies\mono\mono\metadata\icall.c:1842:
C:\build\output\Unity-Technologies\mono\mono\metadata\icall.c:1842:
C:\build\output\Unity-Technologies\mono\mono\metadata\icall.c:1842:
C:\build\output\Unity-Technologies\mono\mono\metadata\icall.c:1842:
C:\build\output\Unity-Technologies\mono\mono\metadata\icall.c:1842:
Symbol file LoadedFromMemory is not a mono symbol file
- Loaded All Assemblies, in  0.632 seconds
Refreshing native plugins compatible for Editor in 3.94 ms, found 3 plugins.
Native extension for iOS target not found
Native extension for Android target not found
Native extension for WindowsStandalone target not found
Mono: successfully reloaded assembly
- Finished resetting the current domain, in  0.567 seconds
Domain Reload Profiling: 1198ms
	BeginReloadAssembly (293ms)
		ExecutionOrderSort (0ms)
		DisableScriptedObjects (4ms)
		BackupInstance (0ms)
		ReleaseScriptingObjects (0ms)
		CreateAndSetChildDomain (29ms)
	RebuildCommonClasses (27ms)
	RebuildNativeTypeToScriptingClass (9ms)
	initialDomainReloadingComplete (28ms)
	LoadAllAssembliesAndSetupDomain (274ms)
		LoadAssemblies (266ms)
		RebuildTransferFunctionScriptingTraits (0ms)
		AnalyzeDomain (111ms)
			TypeCache.Refresh (83ms)
				TypeCache.ScanAssembly (70ms)
			BuildScriptInfoCaches (19ms)
			ResolveRequiredComponents (6ms)
	FinalizeReload (567ms)
		ReleaseScriptCaches (0ms)
		RebuildScriptCaches (0ms)
		SetupLoadedEditorAssemblies (409ms)
			LogAssemblyErrors (0ms)
			InitializePlatformSupportModulesInManaged (17ms)
			SetLoadedEditorAssemblies (4ms)
			BeforeProcessingInitializeOnLoad (31ms)
			ProcessInitializeOnLoadAttributes (208ms)
			ProcessInitializeOnLoadMethodAttributes (147ms)
			AfterProcessingInitializeOnLoad (2ms)
			EditorAssembliesLoaded (0ms)
		ExecutionOrderSort2 (0ms)
		AwakeInstancesAfterBackupRestoration (6ms)
Launched and connected shader compiler UnityShaderCompiler.exe after 0.02 seconds
Refreshing native plugins compatible for Editor in 4.04 ms, found 3 plugins.
Preloading 0 native plugins for Editor in 0.00 ms.
Unloading 50 Unused Serialized files (Serialized files now loaded: 0)
Unloading 3104 unused Assets / (2.0 MB). Loaded Objects now: 3663.
Memory consumption went from 206.5 MB to 204.5 MB.
Total: 8.317700 ms (FindLiveObjects: 0.297300 ms CreateObjectMapping: 0.146200 ms MarkObjects: 6.944300 ms  DeleteObjects: 0.929100 ms)

========================================================================
Received Import Request.
  Time since last request: 30018.973108 seconds.
  path: Assets/Scenes/GameTest
  artifactKey: Guid(7d9a508f42381ff47b57716d30bd1e41) Importer(815301076,1909f56bfc062723c751e8b465ee728b)
Start importing Assets/Scenes/GameTest using Guid(7d9a508f42381ff47b57716d30bd1e41) Importer(815301076,1909f56bfc062723c751e8b465ee728b) (PreviewImporter) -> (artifact id: '6141465bcc9817d4e842c9e744b729e7') in 0.0059255 seconds
Number of updated asset objects reloaded before import = 0Number of asset objects unloaded after import = 0

========================================================================
Received Prepare
Begin MonoManager ReloadAssembly
C:\build\output\Unity-Technologies\mono\mono\metadata\icall.c:1842:
C:\build\output\Unity-Technologies\mono\mono\metadata\icall.c:1842:
C:\build\output\Unity-Technologies\mono\mono\metadata\icall.c:1842:
C:\build\output\Unity-Technologies\mono\mono\metadata\icall.c:1842:
C:\build\output\Unity-Technologies\mono\mono\metadata\icall.c:1842:
C:\build\output\Unity-Technologies\mono\mono\metadata\icall.c:1842:
C:\build\output\Unity-Technologies\mono\mono\metadata\icall.c:1842:
C:\build\output\Unity-Technologies\mono\mono\metadata\icall.c:1842:
C:\build\output\Unity-Technologies\mono\mono\metadata\icall.c:1842:
C:\build\output\Unity-Technologies\mono\mono\metadata\icall.c:1842:
C:\build\output\Unity-Technologies\mono\mono\metadata\icall.c:1842:
C:\build\output\Unity-Technologies\mono\mono\metadata\icall.c:1842:
Symbol file LoadedFromMemory is not a mono symbol file
- Loaded All Assemblies, in  0.461 seconds
Refreshing native plugins compatible for Editor in 4.08 ms, found 3 plugins.
Native extension for iOS target not found
Native extension for Android target not found
Native extension for WindowsStandalone target not found
Mono: successfully reloaded assembly
- Finished resetting the current domain, in  0.583 seconds
Domain Reload Profiling: 1045ms
	BeginReloadAssembly (170ms)
		ExecutionOrderSort (0ms)
		DisableScriptedObjects (5ms)
		BackupInstance (0ms)
		ReleaseScriptingObjects (0ms)
		CreateAndSetChildDomain (38ms)
	RebuildCommonClasses (31ms)
	RebuildNativeTypeToScriptingClass (13ms)
	initialDomainReloadingComplete (18ms)
	LoadAllAssembliesAndSetupDomain (229ms)
		LoadAssemblies (250ms)
		RebuildTransferFunctionScriptingTraits (0ms)
		AnalyzeDomain (78ms)
			TypeCache.Refresh (4ms)
				TypeCache.ScanAssembly (0ms)
			BuildScriptInfoCaches (67ms)
			ResolveRequiredComponents (6ms)
	FinalizeReload (583ms)
		ReleaseScriptCaches (0ms)
		RebuildScriptCaches (0ms)
		SetupLoadedEditorAssemblies (417ms)
			LogAssemblyErrors (0ms)
			InitializePlatformSupportModulesInManaged (17ms)
			SetLoadedEditorAssemblies (4ms)
			BeforeProcessingInitializeOnLoad (31ms)
			ProcessInitializeOnLoadAttributes (213ms)
			ProcessInitializeOnLoadMethodAttributes (151ms)
			AfterProcessingInitializeOnLoad (1ms)
			EditorAssembliesLoaded (0ms)
		ExecutionOrderSort2 (0ms)
		AwakeInstancesAfterBackupRestoration (5ms)
Refreshing native plugins compatible for Editor in 4.90 ms, found 3 plugins.
Preloading 0 native plugins for Editor in 0.00 ms.
Unloading 12 Unused Serialized files (Serialized files now loaded: 0)
Unloading 3102 unused Assets / (2.0 MB). Loaded Objects now: 3665.
Memory consumption went from 199.8 MB to 197.8 MB.
Total: 8.022000 ms (FindLiveObjects: 0.304400 ms CreateObjectMapping: 0.139200 ms MarkObjects: 6.517300 ms  DeleteObjects: 1.060000 ms)

Prepare: number of updated asset objects reloaded= 0
========================================================================
Received Import Request.
  Time since last request: 645.188560 seconds.
  path: Assets/Visual Resources/HUD/background.png
  artifactKey: Guid(cf790198c44af3a46ae63a94986cf4f7) Importer(815301076,1909f56bfc062723c751e8b465ee728b)
Start importing Assets/Visual Resources/HUD/background.png using Guid(cf790198c44af3a46ae63a94986cf4f7) Importer(815301076,1909f56bfc062723c751e8b465ee728b) (PreviewImporter) -> (artifact id: '4a3458da088998630fd13e8875b80319') in 0.0731378 seconds
Number of updated asset objects reloaded before import = 0Number of asset objects unloaded after import = 3

========================================================================
Received Import Request.
  Time since last request: 0.000015 seconds.
  path: Assets/3D Resources/Particle/To Use/EffectExamples/Misc Effects/Textures/DustMoteParticle.png
  artifactKey: Guid(394e93ce356b57344903a08ff72fcab2) Importer(815301076,1909f56bfc062723c751e8b465ee728b)
Start importing Assets/3D Resources/Particle/To Use/EffectExamples/Misc Effects/Textures/DustMoteParticle.png using Guid(394e93ce356b57344903a08ff72fcab2) Importer(815301076,1909f56bfc062723c751e8b465ee728b) (PreviewImporter) -> (artifact id: '582237c9a5e7c7107fe24802d79b969a') in 0.0063642 seconds
Number of updated asset objects reloaded before import = 0Number of asset objects unloaded after import = 3

========================================================================
Received Import Request.
  Time since last request: 0.000013 seconds.
  path: Assets/Visual Resources/SkillTree Icon/hack-vision.png
  artifactKey: Guid(f095dbeea3c19704aa9ceb5a702a5ef0) Importer(815301076,1909f56bfc062723c751e8b465ee728b)
Start importing Assets/Visual Resources/SkillTree Icon/hack-vision.png using Guid(f095dbeea3c19704aa9ceb5a702a5ef0) Importer(815301076,1909f56bfc062723c751e8b465ee728b) (PreviewImporter) -> (artifact id: 'd7307a72826d190e652e719054657c49') in 0.0066328 seconds
Number of updated asset objects reloaded before import = 0Number of asset objects unloaded after import = 3

========================================================================
Received Import Request.
  Time since last request: 0.000018 seconds.
  path: Assets/Visual Resources/Units Icon/destroyer.png
  artifactKey: Guid(0420eb0e501cc0a4bb734af25aaf2938) Importer(815301076,1909f56bfc062723c751e8b465ee728b)
Start importing Assets/Visual Resources/Units Icon/destroyer.png using Guid(0420eb0e501cc0a4bb734af25aaf2938) Importer(815301076,1909f56bfc062723c751e8b465ee728b) (PreviewImporter) -> (artifact id: '42cc48aab0d25fdb8d99584eee7271d7') in 0.0144049 seconds
Number of updated asset objects reloaded before import = 0Number of asset objects unloaded after import = 3

========================================================================
Received Import Request.
  Time since last request: 0.000030 seconds.
  path: Assets/Visual Resources/SkillTree Icon/damage-10.png
  artifactKey: Guid(23351624692aa1c42940e8674abc8ec0) Importer(815301076,1909f56bfc062723c751e8b465ee728b)
Start importing Assets/Visual Resources/SkillTree Icon/damage-10.png using Guid(23351624692aa1c42940e8674abc8ec0) Importer(815301076,1909f56bfc062723c751e8b465ee728b) (PreviewImporter) -> (artifact id: '1a51492c8d838525b4bceffbe06327d6') in 0.0394603 seconds
Number of updated asset objects reloaded before import = 0Number of asset objects unloaded after import = 3

========================================================================
Received Import Request.
  Time since last request: 0.000011 seconds.
  path: Assets/Visual Resources/Units Icon/hacker.png
  artifactKey: Guid(fb3d7cd4a12a42b41b8e7c4ef031137d) Importer(815301076,1909f56bfc062723c751e8b465ee728b)
Start importing Assets/Visual Resources/Units Icon/hacker.png using Guid(fb3d7cd4a12a42b41b8e7c4ef031137d) Importer(815301076,1909f56bfc062723c751e8b465ee728b) (PreviewImporter) -> (artifact id: 'ad6662ff527f9c5cc94c98fe6ab4f635') in 0.0086494 seconds
Number of updated asset objects reloaded before import = 0Number of asset objects unloaded after import = 3

========================================================================
Received Import Request.
  Time since last request: 0.001457 seconds.
  path: Assets/Visual Resources/Units Icon/medical-icon.png
  artifactKey: Guid(d608a23f53183ab4f9c4066ffb97cf67) Importer(815301076,1909f56bfc062723c751e8b465ee728b)
Start importing Assets/Visual Resources/Units Icon/medical-icon.png using Guid(d608a23f53183ab4f9c4066ffb97cf67) Importer(815301076,1909f56bfc062723c751e8b465ee728b) (PreviewImporter) -> (artifact id: '578f6c39f5c109af167e744952f7c3ac') in 0.0190934 seconds
Number of updated asset objects reloaded before import = 0Number of asset objects unloaded after import = 3

========================================================================
Received Import Request.
  Time since last request: 0.000014 seconds.
  path: Assets/Visual Resources/HUD/Quad-button.png
  artifactKey: Guid(79a57315c821a3441985cc24a4c3d25d) Importer(815301076,1909f56bfc062723c751e8b465ee728b)
Start importing Assets/Visual Resources/HUD/Quad-button.png using Guid(79a57315c821a3441985cc24a4c3d25d) Importer(815301076,1909f56bfc062723c751e8b465ee728b) (PreviewImporter) -> (artifact id: '2ed69a3b0e54471a41a12a305d501306') in 0.0141899 seconds
Number of updated asset objects reloaded before import = 0Number of asset objects unloaded after import = 3

========================================================================
Received Import Request.
  Time since last request: 0.000024 seconds.
  path: Assets/Visual Resources/Spells/bomber-missiles.png
  artifactKey: Guid(100509da63a52ff478e71ec8c1463816) Importer(815301076,1909f56bfc062723c751e8b465ee728b)
Start importing Assets/Visual Resources/Spells/bomber-missiles.png using Guid(100509da63a52ff478e71ec8c1463816) Importer(815301076,1909f56bfc062723c751e8b465ee728b) (PreviewImporter) -> (artifact id: '492bed0d71efaf94c83eb175d6f4007a') in 0.0259029 seconds
Number of updated asset objects reloaded before import = 0Number of asset objects unloaded after import = 3

========================================================================
Received Import Request.
  Time since last request: 0.000029 seconds.
  path: Assets/Visual Resources/Spells/light-damage.png
  artifactKey: Guid(24d697af0256ebe44b64271790f49967) Importer(815301076,1909f56bfc062723c751e8b465ee728b)
Start importing Assets/Visual Resources/Spells/light-damage.png using Guid(24d697af0256ebe44b64271790f49967) Importer(815301076,1909f56bfc062723c751e8b465ee728b) (PreviewImporter) -> (artifact id: 'e989bf6e2165aaffafb92428fbf80d3c') in 0.0160911 seconds
Number of updated asset objects reloaded before import = 0Number of asset objects unloaded after import = 3

========================================================================
Received Import Request.
  Time since last request: 0.000034 seconds.
  path: Assets/Photon/PhotonUnityNetworking/Icons/PunIconApp32.png
  artifactKey: Guid(436c5e63723127948af8857e903f658a) Importer(815301076,1909f56bfc062723c751e8b465ee728b)
Start importing Assets/Photon/PhotonUnityNetworking/Icons/PunIconApp32.png using Guid(436c5e63723127948af8857e903f658a) Importer(815301076,1909f56bfc062723c751e8b465ee728b) (PreviewImporter) -> (artifact id: '514b89888e2e41470663635281f50136') in 0.0251485 seconds
Number of updated asset objects reloaded before import = 0Number of asset objects unloaded after import = 3

========================================================================
Received Import Request.
  Time since last request: 0.000034 seconds.
  path: Assets/Visual Resources/Building Icons/turret.png
  artifactKey: Guid(266738350d65c3f4abc27409652c3042) Importer(815301076,1909f56bfc062723c751e8b465ee728b)
Start importing Assets/Visual Resources/Building Icons/turret.png using Guid(266738350d65c3f4abc27409652c3042) Importer(815301076,1909f56bfc062723c751e8b465ee728b) (PreviewImporter) -> (artifact id: '449c58738c53e59e169d91ab8cc525aa') in 0.0067995 seconds
Number of updated asset objects reloaded before import = 0Number of asset objects unloaded after import = 3

========================================================================
Received Import Request.
  Time since last request: 0.000031 seconds.
  path: Assets/Visual Resources/SkillTree Icon/turret-damage-15.png
  artifactKey: Guid(fa51c54fe873cfc4daa2d25bfd4b89ee) Importer(815301076,1909f56bfc062723c751e8b465ee728b)
Start importing Assets/Visual Resources/SkillTree Icon/turret-damage-15.png using Guid(fa51c54fe873cfc4daa2d25bfd4b89ee) Importer(815301076,1909f56bfc062723c751e8b465ee728b) (PreviewImporter) -> (artifact id: 'f9b1731adfefb972d3904f468f03caab') in 0.029648 seconds
Number of updated asset objects reloaded before import = 0Number of asset objects unloaded after import = 3

========================================================================
Received Import Request.
  Time since last request: 0.000013 seconds.
  path: Assets/Photon/PhotonUnityNetworking/Demos/DemoHub/Sprites/PunIcon-White-129.png
  artifactKey: Guid(56bbc6b42271d4177ac313247f47ac1f) Importer(815301076,1909f56bfc062723c751e8b465ee728b)
Start importing Assets/Photon/PhotonUnityNetworking/Demos/DemoHub/Sprites/PunIcon-White-129.png using Guid(56bbc6b42271d4177ac313247f47ac1f) Importer(815301076,1909f56bfc062723c751e8b465ee728b) (PreviewImporter) -> (artifact id: '35c2eea3602b66d0302c9a2171767c73') in 0.0150933 seconds
Number of updated asset objects reloaded before import = 0Number of asset objects unloaded after import = 3

========================================================================
Received Import Request.
  Time since last request: 0.000039 seconds.
  path: Assets/Visual Resources/Building Icons/spacestation.png
  artifactKey: Guid(b42b1ff84bd6fc84a8f2a64f14f13819) Importer(815301076,1909f56bfc062723c751e8b465ee728b)
Start importing Assets/Visual Resources/Building Icons/spacestation.png using Guid(b42b1ff84bd6fc84a8f2a64f14f13819) Importer(815301076,1909f56bfc062723c751e8b465ee728b) (PreviewImporter) -> (artifact id: 'a8344c2095fdcfaee0fb6fe5f72b5377') in 0.0360306 seconds
Number of updated asset objects reloaded before import = 0Number of asset objects unloaded after import = 3

========================================================================
Received Import Request.
  Time since last request: 0.000047 seconds.
  path: Assets/Sprites/Colors/green.png
  artifactKey: Guid(19a75d0975b6f9244b78635e3f0d71db) Importer(815301076,1909f56bfc062723c751e8b465ee728b)
Start importing Assets/Sprites/Colors/green.png using Guid(19a75d0975b6f9244b78635e3f0d71db) Importer(815301076,1909f56bfc062723c751e8b465ee728b) (PreviewImporter) -> (artifact id: '0fb288019b81d3de64679be72dc705cf') in 0.0057542 seconds
Number of updated asset objects reloaded before import = 0Number of asset objects unloaded after import = 3

========================================================================
Received Import Request.
  Time since last request: 0.000038 seconds.
  path: Assets/Visual Resources/Icons/credits white.png
  artifactKey: Guid(de577bf0f6b2a7f4789cbf84d89bfa61) Importer(815301076,1909f56bfc062723c751e8b465ee728b)
Start importing Assets/Visual Resources/Icons/credits white.png using Guid(de577bf0f6b2a7f4789cbf84d89bfa61) Importer(815301076,1909f56bfc062723c751e8b465ee728b) (PreviewImporter) -> (artifact id: 'de06197fd18a271efaa6ca7565a35c4e') in 0.0056597 seconds
Number of updated asset objects reloaded before import = 0Number of asset objects unloaded after import = 3

========================================================================
Received Import Request.
  Time since last request: 0.000012 seconds.
  path: Assets/Visual Resources/Main Logo/logo2v2.png
  artifactKey: Guid(226211bda98c1c14f96a1c91bef37454) Importer(815301076,1909f56bfc062723c751e8b465ee728b)
Start importing Assets/Visual Resources/Main Logo/logo2v2.png using Guid(226211bda98c1c14f96a1c91bef37454) Importer(815301076,1909f56bfc062723c751e8b465ee728b) (PreviewImporter) -> (artifact id: '7c2ed425a0030d5f7ea7761105a9b20b') in 0.0195103 seconds
Number of updated asset objects reloaded before import = 0Number of asset objects unloaded after import = 3

========================================================================
Received Import Request.
  Time since last request: 0.000031 seconds.
  path: Assets/Visual Resources/Building Icons/combat-station.png
  artifactKey: Guid(804d688feb56b874cb3c02a3105ee60b) Importer(815301076,1909f56bfc062723c751e8b465ee728b)
Start importing Assets/Visual Resources/Building Icons/combat-station.png using Guid(804d688feb56b874cb3c02a3105ee60b) Importer(815301076,1909f56bfc062723c751e8b465ee728b) (PreviewImporter) -> (artifact id: '844fb61ac0852c2c5e5eeb2d743cd70c') in 0.0066618 seconds
Number of updated asset objects reloaded before import = 0Number of asset objects unloaded after import = 3

========================================================================
Received Import Request.
  Time since last request: 0.000030 seconds.
  path: Assets/Visual Resources/SkillTree Icon/hacker-iem.png
  artifactKey: Guid(36aece34cab5b674e881244f232dbf35) Importer(815301076,1909f56bfc062723c751e8b465ee728b)
Start importing Assets/Visual Resources/SkillTree Icon/hacker-iem.png using Guid(36aece34cab5b674e881244f232dbf35) Importer(815301076,1909f56bfc062723c751e8b465ee728b) (PreviewImporter) -> (artifact id: 'bd3f5b43d50d90fcf57f1d8d39d88cfa') in 0.006486 seconds
Number of updated asset objects reloaded before import = 0Number of asset objects unloaded after import = 3

========================================================================
Received Import Request.
  Time since last request: 0.000016 seconds.
  path: Assets/Visual Resources/SkillTree Icon/bomber-bomb.png
  artifactKey: Guid(3eb1f2d911f10f9469c4a9cf92cbde51) Importer(815301076,1909f56bfc062723c751e8b465ee728b)
Start importing Assets/Visual Resources/SkillTree Icon/bomber-bomb.png using Guid(3eb1f2d911f10f9469c4a9cf92cbde51) Importer(815301076,1909f56bfc062723c751e8b465ee728b) (PreviewImporter) -> (artifact id: 'dc89ec74e5d508a44d9d2db5c06df56e') in 0.0064983 seconds
Number of updated asset objects reloaded before import = 0Number of asset objects unloaded after import = 3

========================================================================
Received Import Request.
  Time since last request: 0.000036 seconds.
  path: Assets/Photon/PhotonUnityNetworking/Demos/DemoHub/Sprites/toHub.png
  artifactKey: Guid(9587663c4d27e47b19a118aabaac4a08) Importer(815301076,1909f56bfc062723c751e8b465ee728b)
Start importing Assets/Photon/PhotonUnityNetworking/Demos/DemoHub/Sprites/toHub.png using Guid(9587663c4d27e47b19a118aabaac4a08) Importer(815301076,1909f56bfc062723c751e8b465ee728b) (PreviewImporter) -> (artifact id: '668fddb03361d7499325ffec67054dcd') in 0.0055378 seconds
Number of updated asset objects reloaded before import = 0Number of asset objects unloaded after import = 3

========================================================================
Received Import Request.
  Time since last request: 0.000027 seconds.
  path: Assets/Sprites/Colors/red.png
  artifactKey: Guid(037182b3fddb79f47828eae71ecf36c2) Importer(815301076,1909f56bfc062723c751e8b465ee728b)
Start importing Assets/Sprites/Colors/red.png using Guid(037182b3fddb79f47828eae71ecf36c2) Importer(815301076,1909f56bfc062723c751e8b465ee728b) (PreviewImporter) -> (artifact id: '3b14f1d50b46ed93b67406b1ec520c61') in 0.005295 seconds
Number of updated asset objects reloaded before import = 0Number of asset objects unloaded after import = 3

========================================================================
Received Import Request.
  Time since last request: 0.000043 seconds.
  path: Assets/Visual Resources/Icons/settings white.png
  artifactKey: Guid(c0aec114a2e68034e89860d3b4ac7719) Importer(815301076,1909f56bfc062723c751e8b465ee728b)
Start importing Assets/Visual Resources/Icons/settings white.png using Guid(c0aec114a2e68034e89860d3b4ac7719) Importer(815301076,1909f56bfc062723c751e8b465ee728b) (PreviewImporter) -> (artifact id: '1d3cb2618efd63fd2cfce3fbe42dc0e8') in 0.0071961 seconds
Number of updated asset objects reloaded before import = 0Number of asset objects unloaded after import = 3

========================================================================
Received Import Request.
  Time since last request: 0.000034 seconds.
  path: Assets/Visual Resources/HUD/jobless.png
  artifactKey: Guid(eb2d790f986e2364898073b12d3325fa) Importer(815301076,1909f56bfc062723c751e8b465ee728b)
Start importing Assets/Visual Resources/HUD/jobless.png using Guid(eb2d790f986e2364898073b12d3325fa) Importer(815301076,1909f56bfc062723c751e8b465ee728b) (PreviewImporter) -> (artifact id: 'eb0dad2f286c865228c4f7da19ba08f2') in 0.0068934 seconds
Number of updated asset objects reloaded before import = 0Number of asset objects unloaded after import = 3

========================================================================
Received Import Request.
  Time since last request: 0.000049 seconds.
  path: Assets/Visual Resources/Icons/single white.png
  artifactKey: Guid(2fd94bab852bb2142938be8a3c368034) Importer(815301076,1909f56bfc062723c751e8b465ee728b)
Start importing Assets/Visual Resources/Icons/single white.png using Guid(2fd94bab852bb2142938be8a3c368034) Importer(815301076,1909f56bfc062723c751e8b465ee728b) (PreviewImporter) -> (artifact id: '782365db1c03265cb4a72111fc086ae2') in 0.0068169 seconds
Number of updated asset objects reloaded before import = 0Number of asset objects unloaded after import = 3

========================================================================
Received Import Request.
  Time since last request: 0.000021 seconds.
  path: Assets/Visual Resources/HUD/troups.png
  artifactKey: Guid(2833492664e7e1b4a854b0d3b4d08471) Importer(815301076,1909f56bfc062723c751e8b465ee728b)
Start importing Assets/Visual Resources/HUD/troups.png using Guid(2833492664e7e1b4a854b0d3b4d08471) Importer(815301076,1909f56bfc062723c751e8b465ee728b) (PreviewImporter) -> (artifact id: '95a4fd50009682cdee5b586718e32889') in 0.0073046 seconds
Number of updated asset objects reloaded before import = 0Number of asset objects unloaded after import = 3

========================================================================
Received Import Request.
  Time since last request: 0.000027 seconds.
  path: Assets/Visual Resources/ChatPanel/handle.png
  artifactKey: Guid(9c27bd410c745924e9623712a47908ec) Importer(815301076,1909f56bfc062723c751e8b465ee728b)
Start importing Assets/Visual Resources/ChatPanel/handle.png using Guid(9c27bd410c745924e9623712a47908ec) Importer(815301076,1909f56bfc062723c751e8b465ee728b) (PreviewImporter) -> (artifact id: '499e8d4fdb7184a9f81fa7f33afb3fcd') in 0.0102284 seconds
Number of updated asset objects reloaded before import = 0Number of asset objects unloaded after import = 3

========================================================================
Received Import Request.
  Time since last request: 0.000016 seconds.
  path: Assets/Visual Resources/Units Icon/light-troup.png
  artifactKey: Guid(503ddf6bd5e8c584e88186ee745d5dcd) Importer(815301076,1909f56bfc062723c751e8b465ee728b)
Start importing Assets/Visual Resources/Units Icon/light-troup.png using Guid(503ddf6bd5e8c584e88186ee745d5dcd) Importer(815301076,1909f56bfc062723c751e8b465ee728b) (PreviewImporter) -> (artifact id: 'be5103a3063ef03f2ebefcc58d779bd3') in 0.0085618 seconds
Number of updated asset objects reloaded before import = 0Number of asset objects unloaded after import = 3

========================================================================
Received Import Request.
  Time since last request: 0.000032 seconds.
  path: Assets/Visual Resources/SkillTree Icon/radar-range.png
  artifactKey: Guid(ce9af9ea6e25d8a4ca2aef8b1579e6bd) Importer(815301076,1909f56bfc062723c751e8b465ee728b)
Start importing Assets/Visual Resources/SkillTree Icon/radar-range.png using Guid(ce9af9ea6e25d8a4ca2aef8b1579e6bd) Importer(815301076,1909f56bfc062723c751e8b465ee728b) (PreviewImporter) -> (artifact id: 'bd78ce51e9b2bac366ca1d426b5ae59f') in 0.006073 seconds
Number of updated asset objects reloaded before import = 0Number of asset objects unloaded after import = 3

========================================================================
Received Import Request.
  Time since last request: 0.000029 seconds.
  path: Assets/Visual Resources/logo-base-blanc.png
  artifactKey: Guid(b244cb4d746543b4f937b5b2e201d2b7) Importer(815301076,1909f56bfc062723c751e8b465ee728b)
Start importing Assets/Visual Resources/logo-base-blanc.png using Guid(b244cb4d746543b4f937b5b2e201d2b7) Importer(815301076,1909f56bfc062723c751e8b465ee728b) (PreviewImporter) -> (artifact id: '8c267c09bd8c1d83e337d8ef2f307fb0') in 0.0166346 seconds
Number of updated asset objects reloaded before import = 0Number of asset objects unloaded after import = 3

========================================================================
Received Import Request.
  Time since last request: 0.000014 seconds.
  path: Assets/Visual Resources/HUD/noir.color.png
  artifactKey: Guid(8bca343314ea7d04da13e238e86bc8fe) Importer(815301076,1909f56bfc062723c751e8b465ee728b)
Start importing Assets/Visual Resources/HUD/noir.color.png using Guid(8bca343314ea7d04da13e238e86bc8fe) Importer(815301076,1909f56bfc062723c751e8b465ee728b) (PreviewImporter) -> (artifact id: '02308907fa1edc919cee23239f50a00e') in 0.0056671 seconds
Number of updated asset objects reloaded before import = 0Number of asset objects unloaded after import = 3

========================================================================
Received Import Request.
  Time since last request: 0.000014 seconds.
  path: Assets/Sprites/Circle.png
  artifactKey: Guid(4f9ae3b7b447e294693582b38315a0be) Importer(815301076,1909f56bfc062723c751e8b465ee728b)
Start importing Assets/Sprites/Circle.png using Guid(4f9ae3b7b447e294693582b38315a0be) Importer(815301076,1909f56bfc062723c751e8b465ee728b) (PreviewImporter) -> (artifact id: 'a4ffcaf8192f327c93fe0831973fca1d') in 0.0065892 seconds
Number of updated asset objects reloaded before import = 0Number of asset objects unloaded after import = 3

========================================================================
Received Import Request.
  Time since last request: 0.000036 seconds.
  path: Assets/Visual Resources/Background/Big Stars.png
  artifactKey: Guid(d5cddcacbbe544e42bd50ae178d9587e) Importer(815301076,1909f56bfc062723c751e8b465ee728b)
Start importing Assets/Visual Resources/Background/Big Stars.png using Guid(d5cddcacbbe544e42bd50ae178d9587e) Importer(815301076,1909f56bfc062723c751e8b465ee728b) (PreviewImporter) -> (artifact id: '60bdf079932f0dd7dae80f7c6073799c') in 0.0067717 seconds
Number of updated asset objects reloaded before import = 0Number of asset objects unloaded after import = 3

========================================================================
Received Import Request.
  Time since last request: 0.000071 seconds.
  path: Assets/Visual Resources/Butons/rect-button-sprite.png
  artifactKey: Guid(a0da1a9476a36064d94578d340f2361e) Importer(815301076,1909f56bfc062723c751e8b465ee728b)
Start importing Assets/Visual Resources/Butons/rect-button-sprite.png using Guid(a0da1a9476a36064d94578d340f2361e) Importer(815301076,1909f56bfc062723c751e8b465ee728b) (PreviewImporter) -> (artifact id: 'd4c890387175893c53b0ab6967e38b1b') in 0.00739 seconds
Number of updated asset objects reloaded before import = 0Number of asset objects unloaded after import = 3

========================================================================
Received Import Request.
  Time since last request: 0.000039 seconds.
  path: Assets/Visual Resources/Icons/multi white.png
  artifactKey: Guid(29d2703a6d99ba947b9e07ac7e517e97) Importer(815301076,1909f56bfc062723c751e8b465ee728b)
Start importing Assets/Visual Resources/Icons/multi white.png using Guid(29d2703a6d99ba947b9e07ac7e517e97) Importer(815301076,1909f56bfc062723c751e8b465ee728b) (PreviewImporter) -> (artifact id: '9a15630e0758a92a0f711acd86edd834') in 0.0053625 seconds
Number of updated asset objects reloaded before import = 0Number of asset objects unloaded after import = 3

========================================================================
Received Import Request.
  Time since last request: 0.000014 seconds.
  path: Assets/Visual Resources/SkillTree Icon/faster-15.png
  artifactKey: Guid(0c58538b456502847a7c0f493a550fc3) Importer(815301076,1909f56bfc062723c751e8b465ee728b)
Start importing Assets/Visual Resources/SkillTree Icon/faster-15.png using Guid(0c58538b456502847a7c0f493a550fc3) Importer(815301076,1909f56bfc062723c751e8b465ee728b) (PreviewImporter) -> (artifact id: 'e3bc9a2cdb2c1e73bb8b58dc66128f99') in 0.006224 seconds
Number of updated asset objects reloaded before import = 0Number of asset objects unloaded after import = 3

========================================================================
Received Import Request.
  Time since last request: 0.000013 seconds.
  path: Assets/Visual Resources/HUD/Tools & Units/build.png
  artifactKey: Guid(d082a4110b125c44ebf14de4f9e2ece1) Importer(815301076,1909f56bfc062723c751e8b465ee728b)
Start importing Assets/Visual Resources/HUD/Tools & Units/build.png using Guid(d082a4110b125c44ebf14de4f9e2ece1) Importer(815301076,1909f56bfc062723c751e8b465ee728b) (PreviewImporter) -> (artifact id: '097c0098f332a13018ffdffe83fc8518') in 0.0072681 seconds
Number of updated asset objects reloaded before import = 0Number of asset objects unloaded after import = 3

========================================================================
Received Import Request.
  Time since last request: 0.000013 seconds.
  path: Assets/Visual Resources/Space Background/Dynamic Space Background/Sprites/Nebula Aqua-Pink.png
  artifactKey: Guid(9abca82a41be796438d5bfca860e58b2) Importer(815301076,1909f56bfc062723c751e8b465ee728b)
Start importing Assets/Visual Resources/Space Background/Dynamic Space Background/Sprites/Nebula Aqua-Pink.png using Guid(9abca82a41be796438d5bfca860e58b2) Importer(815301076,1909f56bfc062723c751e8b465ee728b) (PreviewImporter) -> (artifact id: '676dbb1c52db60375b04706bec3c0f65') in 0.0132487 seconds
Number of updated asset objects reloaded before import = 0Number of asset objects unloaded after import = 3

========================================================================
Received Import Request.
  Time since last request: 0.000035 seconds.
  path: Assets/Visual Resources/SkillTree Icon/hacker-hack.png
  artifactKey: Guid(a09fa13faea25cb49b968ac917c529dd) Importer(815301076,1909f56bfc062723c751e8b465ee728b)
Start importing Assets/Visual Resources/SkillTree Icon/hacker-hack.png using Guid(a09fa13faea25cb49b968ac917c529dd) Importer(815301076,1909f56bfc062723c751e8b465ee728b) (PreviewImporter) -> (artifact id: '72a130882bbda169f2a554850ed7e9ff') in 0.0088394 seconds
Number of updated asset objects reloaded before import = 0Number of asset objects unloaded after import = 3

========================================================================
Received Import Request.
  Time since last request: 0.000029 seconds.
  path: Assets/Visual Resources/SkillTree Icon/destroyer-20-damage-near.png
  artifactKey: Guid(92b8d8b7954a6cb4f8270497a8fad835) Importer(815301076,1909f56bfc062723c751e8b465ee728b)
Start importing Assets/Visual Resources/SkillTree Icon/destroyer-20-damage-near.png using Guid(92b8d8b7954a6cb4f8270497a8fad835) Importer(815301076,1909f56bfc062723c751e8b465ee728b) (PreviewImporter) -> (artifact id: '2389fa09075e42cc874e7e1ff4e25b51') in 0.0068193 seconds
Number of updated asset objects reloaded before import = 0Number of asset objects unloaded after import = 3

========================================================================
Received Import Request.
  Time since last request: 0.000016 seconds.
  path: Assets/Photon/PhotonUnityNetworking/Icons/PunIconApp48.png
  artifactKey: Guid(44ebd8e6f42cae445ab4b22f0a9b48a0) Importer(815301076,1909f56bfc062723c751e8b465ee728b)
Start importing Assets/Photon/PhotonUnityNetworking/Icons/PunIconApp48.png using Guid(44ebd8e6f42cae445ab4b22f0a9b48a0) Importer(815301076,1909f56bfc062723c751e8b465ee728b) (PreviewImporter) -> (artifact id: '71e8b878a647818a2dd806c42ca7115b') in 0.0067789 seconds
Number of updated asset objects reloaded before import = 0Number of asset objects unloaded after import = 3

========================================================================
Received Import Request.
  Time since last request: 0.000017 seconds.
  path: Assets/Photon/PhotonUnityNetworking/Demos/Shared Assets/Skin/DropDown CheckMark.png
  artifactKey: Guid(fd47c8b4ebfbd4339858d4d23f587519) Importer(815301076,1909f56bfc062723c751e8b465ee728b)
Start importing Assets/Photon/PhotonUnityNetworking/Demos/Shared Assets/Skin/DropDown CheckMark.png using Guid(fd47c8b4ebfbd4339858d4d23f587519) Importer(815301076,1909f56bfc062723c751e8b465ee728b) (PreviewImporter) -> (artifact id: '9c3834f9f3c2e52950ee866478409420') in 0.0064496 seconds
Number of updated asset objects reloaded before import = 0Number of asset objects unloaded after import = 3

========================================================================
Received Import Request.
  Time since last request: 0.000031 seconds.
  path: Assets/Visual Resources/Butons/hexa-sprite.png
  artifactKey: Guid(f11ddb904ccec4a408de22e58a1cb241) Importer(815301076,1909f56bfc062723c751e8b465ee728b)
Start importing Assets/Visual Resources/Butons/hexa-sprite.png using Guid(f11ddb904ccec4a408de22e58a1cb241) Importer(815301076,1909f56bfc062723c751e8b465ee728b) (PreviewImporter) -> (artifact id: 'd10a9f3cacf74da736a3178eea74fc81') in 0.0155176 seconds
Number of updated asset objects reloaded before import = 0Number of asset objects unloaded after import = 3

========================================================================
Received Import Request.
  Time since last request: 0.000015 seconds.
  path: Assets/Visual Resources/SkillTree Icon/faster-10.png
  artifactKey: Guid(18997f073f72c1c4aad54c047934f4c5) Importer(815301076,1909f56bfc062723c751e8b465ee728b)
Start importing Assets/Visual Resources/SkillTree Icon/faster-10.png using Guid(18997f073f72c1c4aad54c047934f4c5) Importer(815301076,1909f56bfc062723c751e8b465ee728b) (PreviewImporter) -> (artifact id: 'f7641fb1ba1af211065df109f1235bf6') in 0.0056668 seconds
Number of updated asset objects reloaded before import = 0Number of asset objects unloaded after import = 3

========================================================================
Received Import Request.
  Time since last request: 0.000030 seconds.
  path: Assets/Visual Resources/Spells/hacker-iem.png
  artifactKey: Guid(c79c87f9a5a69c64c9d81a1f78133bfd) Importer(815301076,1909f56bfc062723c751e8b465ee728b)
Start importing Assets/Visual Resources/Spells/hacker-iem.png using Guid(c79c87f9a5a69c64c9d81a1f78133bfd) Importer(815301076,1909f56bfc062723c751e8b465ee728b) (PreviewImporter) -> (artifact id: '075931c29faaca5a661968169bf4ee8f') in 0.0054799 seconds
Number of updated asset objects reloaded before import = 0Number of asset objects unloaded after import = 3

========================================================================
Received Import Request.
  Time since last request: 0.000037 seconds.
  path: Assets/Visual Resources/Butons/place-holder-rect.png
  artifactKey: Guid(ef859a7d9931f7545a42730cc5ab3a76) Importer(815301076,1909f56bfc062723c751e8b465ee728b)
Start importing Assets/Visual Resources/Butons/place-holder-rect.png using Guid(ef859a7d9931f7545a42730cc5ab3a76) Importer(815301076,1909f56bfc062723c751e8b465ee728b) (PreviewImporter) -> (artifact id: '9b186f96356028e0aed5ac08667c87fd') in 0.0066993 seconds
Number of updated asset objects reloaded before import = 0Number of asset objects unloaded after import = 3

========================================================================
Received Import Request.
  Time since last request: 0.000037 seconds.
  path: Assets/Photon/PhotonUnityNetworking/Demos/DemoHub/Sprites/Gradient.png
  artifactKey: Guid(66efb24ed46044ab8a039599cbc47d7b) Importer(815301076,1909f56bfc062723c751e8b465ee728b)
Start importing Assets/Photon/PhotonUnityNetworking/Demos/DemoHub/Sprites/Gradient.png using Guid(66efb24ed46044ab8a039599cbc47d7b) Importer(815301076,1909f56bfc062723c751e8b465ee728b) (PreviewImporter) -> (artifact id: '64e556cfd6f6a2e7fe57794721611a08') in 0.0065773 seconds
Number of updated asset objects reloaded before import = 0Number of asset objects unloaded after import = 3

========================================================================
Received Import Request.
  Time since last request: 0.000024 seconds.
  path: Assets/Visual Resources/Butons/button-test-1.png
  artifactKey: Guid(d34d57f66edb39147a43b00d1b25f496) Importer(815301076,1909f56bfc062723c751e8b465ee728b)
Start importing Assets/Visual Resources/Butons/button-test-1.png using Guid(d34d57f66edb39147a43b00d1b25f496) Importer(815301076,1909f56bfc062723c751e8b465ee728b) (PreviewImporter) -> (artifact id: '4895bd331a24ae4e12e130dde23bf412') in 0.0152903 seconds
Number of updated asset objects reloaded before import = 0Number of asset objects unloaded after import = 3

========================================================================
Received Import Request.
  Time since last request: 0.000014 seconds.
  path: Assets/Background Space/Dynamic Space Background/Sprites/Stars-Big_1.png
  artifactKey: Guid(c6944f9f15bd0ca4087bcdf033f0e162) Importer(815301076,1909f56bfc062723c751e8b465ee728b)
Start importing Assets/Background Space/Dynamic Space Background/Sprites/Stars-Big_1.png using Guid(c6944f9f15bd0ca4087bcdf033f0e162) Importer(815301076,1909f56bfc062723c751e8b465ee728b) (PreviewImporter) -> (artifact id: '660c7a0ffc4227ad38adb0238f0ccb12') in 0.0065843 seconds
Number of updated asset objects reloaded before import = 0Number of asset objects unloaded after import = 3

========================================================================
Received Import Request.
  Time since last request: 0.000024 seconds.
  path: Assets/Resources/VFX/FogOfWar/FogOfWarCircle.png
  artifactKey: Guid(11550d49fe1cb4e458e2bb1b9e36551f) Importer(815301076,1909f56bfc062723c751e8b465ee728b)
Start importing Assets/Resources/VFX/FogOfWar/FogOfWarCircle.png using Guid(11550d49fe1cb4e458e2bb1b9e36551f) Importer(815301076,1909f56bfc062723c751e8b465ee728b) (PreviewImporter) -> (artifact id: '7ae6e626866e68cdfc3a5ade5e20ce81') in 0.0055344 seconds
Number of updated asset objects reloaded before import = 0Number of asset objects unloaded after import = 3

========================================================================
Received Import Request.
  Time since last request: 0.000149 seconds.
  path: Assets/Visual Resources/Space Background/Dynamic Space Background/Sprites/Nebula Blue.png
  artifactKey: Guid(005c7524c7ea4584b91ce1c9d4bbe5d7) Importer(815301076,1909f56bfc062723c751e8b465ee728b)
Start importing Assets/Visual Resources/Space Background/Dynamic Space Background/Sprites/Nebula Blue.png using Guid(005c7524c7ea4584b91ce1c9d4bbe5d7) Importer(815301076,1909f56bfc062723c751e8b465ee728b) (PreviewImporter) -> (artifact id: '71e63b1d8bc65c705aa0fe8747532fc8') in 0.0497821 seconds
Number of updated asset objects reloaded before import = 0Number of asset objects unloaded after import = 3

========================================================================
Received Import Request.
  Time since last request: 0.000012 seconds.
  path: Assets/Visual Resources/Icons/quit white.png
  artifactKey: Guid(21c762a2109dcf34cb2407dca023eb21) Importer(815301076,1909f56bfc062723c751e8b465ee728b)
Start importing Assets/Visual Resources/Icons/quit white.png using Guid(21c762a2109dcf34cb2407dca023eb21) Importer(815301076,1909f56bfc062723c751e8b465ee728b) (PreviewImporter) -> (artifact id: '41a7d193a1512ab6385173769f1d07be') in 0.0052292 seconds
Number of updated asset objects reloaded before import = 0Number of asset objects unloaded after import = 3

========================================================================
Received Import Request.
  Time since last request: 0.000014 seconds.
  path: Assets/Visual Resources/Main Logo/title1v2.png
  artifactKey: Guid(179c8dea4bbe2f2468c804efb9533bc4) Importer(815301076,1909f56bfc062723c751e8b465ee728b)
Start importing Assets/Visual Resources/Main Logo/title1v2.png using Guid(179c8dea4bbe2f2468c804efb9533bc4) Importer(815301076,1909f56bfc062723c751e8b465ee728b) (PreviewImporter) -> (artifact id: '36829e463a67108b31fd528d23c8d5b7') in 0.0087492 seconds
Number of updated asset objects reloaded before import = 0Number of asset objects unloaded after import = 3

========================================================================
Received Import Request.
  Time since last request: 0.000015 seconds.
  path: Assets/Photon/PhotonUnityNetworking/Demos/DemoHub/Sprites/OutlinedSquaredBox.png
  artifactKey: Guid(c222cd02c447941edb09ecb6433229ce) Importer(815301076,1909f56bfc062723c751e8b465ee728b)
Start importing Assets/Photon/PhotonUnityNetworking/Demos/DemoHub/Sprites/OutlinedSquaredBox.png using Guid(c222cd02c447941edb09ecb6433229ce) Importer(815301076,1909f56bfc062723c751e8b465ee728b) (PreviewImporter) -> (artifact id: '374266e09612e673cff77cee3be1d0e0') in 0.0052082 seconds
Number of updated asset objects reloaded before import = 0Number of asset objects unloaded after import = 3

========================================================================
Received Import Request.
  Time since last request: 0.000036 seconds.
  path: Assets/Visual Resources/SkillTree Icon/mine-10.png
  artifactKey: Guid(86d7c255ba3256c45a24709061b54628) Importer(815301076,1909f56bfc062723c751e8b465ee728b)
Start importing Assets/Visual Resources/SkillTree Icon/mine-10.png using Guid(86d7c255ba3256c45a24709061b54628) Importer(815301076,1909f56bfc062723c751e8b465ee728b) (PreviewImporter) -> (artifact id: 'cd2ea371f1799488b4ed31ff5283c22b') in 0.0068409 seconds
Number of updated asset objects reloaded before import = 0Number of asset objects unloaded after import = 3

========================================================================
Received Import Request.
  Time since last request: 0.000026 seconds.
  path: Assets/Visual Resources/Spells/hacker-hack.png
  artifactKey: Guid(d15a181543dae7a46a1c3d0161933747) Importer(815301076,1909f56bfc062723c751e8b465ee728b)
Start importing Assets/Visual Resources/Spells/hacker-hack.png using Guid(d15a181543dae7a46a1c3d0161933747) Importer(815301076,1909f56bfc062723c751e8b465ee728b) (PreviewImporter) -> (artifact id: 'd61b8e9a790f438f11ad1180d217c247') in 0.0060653 seconds
Number of updated asset objects reloaded before import = 0Number of asset objects unloaded after import = 3

========================================================================
Received Import Request.
  Time since last request: 0.000024 seconds.
  path: Assets/Visual Resources/Space Background/Dynamic Space Background/Sprites/Nebula Red.png
  artifactKey: Guid(dab47db4025fde546a11156e513b62fe) Importer(815301076,1909f56bfc062723c751e8b465ee728b)
Start importing Assets/Visual Resources/Space Background/Dynamic Space Background/Sprites/Nebula Red.png using Guid(dab47db4025fde546a11156e513b62fe) Importer(815301076,1909f56bfc062723c751e8b465ee728b) (PreviewImporter) -> (artifact id: '9f37ab9057b19460ebbcbe7e59c2db57') in 0.0474549 seconds
Number of updated asset objects reloaded before import = 0Number of asset objects unloaded after import = 3

========================================================================
Received Import Request.
  Time since last request: 0.000011 seconds.
  path: Assets/Visual Resources/SkillTree Icon/overclock-faster-10.png
  artifactKey: Guid(f7963bbae1c58cf41bc92c20a043ce14) Importer(815301076,1909f56bfc062723c751e8b465ee728b)
Start importing Assets/Visual Resources/SkillTree Icon/overclock-faster-10.png using Guid(f7963bbae1c58cf41bc92c20a043ce14) Importer(815301076,1909f56bfc062723c751e8b465ee728b) (PreviewImporter) -> (artifact id: '4971645d0c5190d3e13ffa09f104b1fc') in 0.0062186 seconds
Number of updated asset objects reloaded before import = 0Number of asset objects unloaded after import = 3

========================================================================
Received Import Request.
  Time since last request: 0.000028 seconds.
  path: Assets/3D Resources/Particle/To Use/EffectExamples/FireExplosionEffects/Textures/DebrisParticleSheet.png
  artifactKey: Guid(af1f1b45fa6b5e64894c04ceb8a592f7) Importer(815301076,1909f56bfc062723c751e8b465ee728b)
Start importing Assets/3D Resources/Particle/To Use/EffectExamples/FireExplosionEffects/Textures/DebrisParticleSheet.png using Guid(af1f1b45fa6b5e64894c04ceb8a592f7) Importer(815301076,1909f56bfc062723c751e8b465ee728b) (PreviewImporter) -> (artifact id: 'a8a33217a72ad95fc66111a090546a92') in 0.0062437 seconds
Number of updated asset objects reloaded before import = 0Number of asset objects unloaded after import = 3

========================================================================
Received Import Request.
  Time since last request: 0.000036 seconds.
  path: Assets/Visual Resources/SkillTree Icon/labo-10.png
  artifactKey: Guid(a868de87757557a40ba13075ecda58eb) Importer(815301076,1909f56bfc062723c751e8b465ee728b)
Start importing Assets/Visual Resources/SkillTree Icon/labo-10.png using Guid(a868de87757557a40ba13075ecda58eb) Importer(815301076,1909f56bfc062723c751e8b465ee728b) (PreviewImporter) -> (artifact id: 'd24dc49f71e9ecfd0bfbb84cc8c8e3ef') in 0.0061847 seconds
Number of updated asset objects reloaded before import = 0Number of asset objects unloaded after import = 3

Editor requested this worker to shutdown with reason: Scaling down because of idle timeout
AssetImportWorker is now disconnected from the server
Process exiting
Exiting without the bug reporter. Application will terminate with return code 0