Using pre-set license
Built from '2023.2/staging' branch; Version is '2023.2.2f1 (dfe9eb92cac5) revision 14674411'; Using compiler version '193431935'; Build Type 'Release'
OS: 'Windows 11  (10.0.22631) 64bit Core' Language: 'fr' Physical Memory: 32694 MB
BatchMode: 1, IsHumanControllingUs: 0, StartBugReporterOnCrash: 0, Is64bit: 1, IsPro: 1

COMMAND LINE ARGUMENTS:
D:\Unity\2023.2.2f1\Editor\Unity.exe
-adb2
-batchMode
-noUpm
-name
AssetImportWorker2
-projectPath
D:/Stuff/Unity Projects/Year-Zero
-logFile
Logs/AssetImportWorker2.log
-srvPort
56761
-job-worker-count
7
-background-job-worker-count
8
-asset-garbage-collectors
1
Successfully changed project path to: D:/Stuff/Unity Projects/Year-Zero
D:/Stuff/Unity Projects/Year-Zero
[UnityMemory] Configuration Parameters - Can be set up in boot.config
    "memorysetup-bucket-allocator-granularity=16"
    "memorysetup-bucket-allocator-bucket-count=8"
    "memorysetup-bucket-allocator-block-size=33554432"
    "memorysetup-bucket-allocator-block-count=8"
    "memorysetup-main-allocator-block-size=16777216"
    "memorysetup-thread-allocator-block-size=16777216"
    "memorysetup-gfx-main-allocator-block-size=16777216"
    "memorysetup-gfx-thread-allocator-block-size=16777216"
    "memorysetup-cache-allocator-block-size=4194304"
    "memorysetup-typetree-allocator-block-size=2097152"
    "memorysetup-profiler-bucket-allocator-granularity=16"
    "memorysetup-profiler-bucket-allocator-bucket-count=8"
    "memorysetup-profiler-bucket-allocator-block-size=33554432"
    "memorysetup-profiler-bucket-allocator-block-count=8"
    "memorysetup-profiler-allocator-block-size=16777216"
    "memorysetup-profiler-editor-allocator-block-size=1048576"
    "memorysetup-temp-allocator-size-main=16777216"
    "memorysetup-job-temp-allocator-block-size=2097152"
    "memorysetup-job-temp-allocator-block-size-background=1048576"
    "memorysetup-job-temp-allocator-reduction-small-platforms=262144"
    "memorysetup-allocator-temp-initial-block-size-main=262144"
    "memorysetup-allocator-temp-initial-block-size-worker=262144"
    "memorysetup-temp-allocator-size-background-worker=32768"
    "memorysetup-temp-allocator-size-job-worker=262144"
    "memorysetup-temp-allocator-size-preload-manager=33554432"
    "memorysetup-temp-allocator-size-nav-mesh-worker=65536"
    "memorysetup-temp-allocator-size-audio-worker=65536"
    "memorysetup-temp-allocator-size-cloud-worker=32768"
    "memorysetup-temp-allocator-size-gi-baking-worker=262144"
    "memorysetup-temp-allocator-size-gi-baking-worker=262144"
    "memorysetup-temp-allocator-size-gi-baking-worker=262144"
    "memorysetup-temp-allocator-size-gi-baking-worker=262144"
    "memorysetup-temp-allocator-size-gfx=262144"
Player connection [31584] Host "[IP] 25.21.98.215 [Port] 0 [Flags] 2 [Guid] 966415210 [EditorId] 966415210 [Version] 1048832 [Id] WindowsEditor(7,PC-Axel) [Debug] 1 [PackageName] WindowsEditor [ProjectName] Editor" joined multi-casting on [225.0.0.222:54997]...
Player connection [31584] Host "[IP] 25.21.98.215 [Port] 0 [Flags] 2 [Guid] 966415210 [EditorId] 966415210 [Version] 1048832 [Id] WindowsEditor(7,PC-Axel) [Debug] 1 [PackageName] WindowsEditor [ProjectName] Editor" joined alternative multi-casting on [225.0.0.222:34997]...
JobSystem: Creating JobQueue using job-worker-count value 7
[Physics::Module] Initialized MultithreadedJobDispatcher with 7 workers.
Library Redirect Path: Library/
Refreshing native plugins compatible for Editor in 4.32 ms, found 3 plugins.
Preloading 0 native plugins for Editor in 0.00 ms.
Initialize engine version: 2023.2.2f1 (dfe9eb92cac5)
[Subsystems] Discovering subsystems at path D:/Unity/2023.2.2f1/Editor/Data/Resources/UnitySubsystems
[Subsystems] Discovering subsystems at path D:/Stuff/Unity Projects/Year-Zero/Assets
GfxDevice: creating device client; kGfxThreadingModeNonThreaded
Direct3D:
    Version:  Direct3D 11.0 [level 11.1]
    Renderer: NVIDIA GeForce RTX 4090 (ID=0x2684)
    Vendor:   NVIDIA
    VRAM:     24156 MB
    Driver:   31.0.15.4601
Initialize mono
Mono path[0] = 'D:/Unity/2023.2.2f1/Editor/Data/Managed'
Mono path[1] = 'D:/Unity/2023.2.2f1/Editor/Data/MonoBleedingEdge/lib/mono/unityjit-win32'
Mono config path = 'D:/Unity/2023.2.2f1/Editor/Data/MonoBleedingEdge/etc'
Using monoOptions --debugger-agent=transport=dt_socket,embedding=1,server=y,suspend=n,address=127.0.0.1:56820
Begin MonoManager ReloadAssembly
C:\build\output\Unity-Technologies\mono\mono\metadata\icall.c:1842:
C:\build\output\Unity-Technologies\mono\mono\metadata\icall.c:1842:
C:\build\output\Unity-Technologies\mono\mono\metadata\icall.c:1842:
C:\build\output\Unity-Technologies\mono\mono\metadata\icall.c:1842:
C:\build\output\Unity-Technologies\mono\mono\metadata\icall.c:1842:
C:\build\output\Unity-Technologies\mono\mono\metadata\icall.c:1842:
C:\build\output\Unity-Technologies\mono\mono\metadata\icall.c:1842:
C:\build\output\Unity-Technologies\mono\mono\metadata\icall.c:1842:
C:\build\output\Unity-Technologies\mono\mono\metadata\icall.c:1842:
C:\build\output\Unity-Technologies\mono\mono\metadata\icall.c:1842:
Registering precompiled unity dll's ...
Register platform support module: D:/Unity/2023.2.2f1/Editor/Data/PlaybackEngines/WindowsStandaloneSupport/UnityEditor.WindowsStandalone.Extensions.dll
Register platform support module: D:/Unity/2023.2.2f1/Editor/Data/PlaybackEngines/AndroidPlayer/UnityEditor.Android.Extensions.dll
Register platform support module: D:/Unity/2023.2.2f1/Editor/Data/PlaybackEngines/iOSSupport/UnityEditor.iOS.Extensions.dll
Registered in 0.003541 seconds.
- Loaded All Assemblies, in  0.320 seconds
[usbmuxd] Start listen thread
[usbmuxd] Listen thread started
Native extension for iOS target not found
Native extension for Android target not found
Android Extension - Scanning For ADB Devices 253 ms
Native extension for WindowsStandalone target not found
Mono: successfully reloaded assembly
C:\build\output\Unity-Technologies\mono\mono\metadata\icall.c:1842:
C:\build\output\Unity-Technologies\mono\mono\metadata\icall.c:1842:
- Finished resetting the current domain, in  0.560 seconds
Domain Reload Profiling: 880ms
	BeginReloadAssembly (122ms)
		ExecutionOrderSort (0ms)
		DisableScriptedObjects (0ms)
		BackupInstance (0ms)
		ReleaseScriptingObjects (0ms)
		CreateAndSetChildDomain (1ms)
	RebuildCommonClasses (31ms)
	RebuildNativeTypeToScriptingClass (9ms)
	initialDomainReloadingComplete (35ms)
	LoadAllAssembliesAndSetupDomain (122ms)
		LoadAssemblies (122ms)
		RebuildTransferFunctionScriptingTraits (0ms)
		AnalyzeDomain (120ms)
			TypeCache.Refresh (118ms)
				TypeCache.ScanAssembly (108ms)
			BuildScriptInfoCaches (0ms)
			ResolveRequiredComponents (0ms)
	FinalizeReload (560ms)
		ReleaseScriptCaches (0ms)
		RebuildScriptCaches (0ms)
		SetupLoadedEditorAssemblies (520ms)
			LogAssemblyErrors (0ms)
			InitializePlatformSupportModulesInManaged (352ms)
			SetLoadedEditorAssemblies (3ms)
			BeforeProcessingInitializeOnLoad (5ms)
			ProcessInitializeOnLoadAttributes (120ms)
			ProcessInitializeOnLoadMethodAttributes (40ms)
			AfterProcessingInitializeOnLoad (0ms)
			EditorAssembliesLoaded (0ms)
		ExecutionOrderSort2 (0ms)
		AwakeInstancesAfterBackupRestoration (0ms)
========================================================================
Worker process is ready to serve import requests
Import Worker Mode flag is 0x00
Begin MonoManager ReloadAssembly
C:\build\output\Unity-Technologies\mono\mono\metadata\icall.c:1842:
C:\build\output\Unity-Technologies\mono\mono\metadata\icall.c:1842:
C:\build\output\Unity-Technologies\mono\mono\metadata\icall.c:1842:
C:\build\output\Unity-Technologies\mono\mono\metadata\icall.c:1842:
C:\build\output\Unity-Technologies\mono\mono\metadata\icall.c:1842:
C:\build\output\Unity-Technologies\mono\mono\metadata\icall.c:1842:
C:\build\output\Unity-Technologies\mono\mono\metadata\icall.c:1842:
C:\build\output\Unity-Technologies\mono\mono\metadata\icall.c:1842:
C:\build\output\Unity-Technologies\mono\mono\metadata\icall.c:1842:
C:\build\output\Unity-Technologies\mono\mono\metadata\icall.c:1842:
C:\build\output\Unity-Technologies\mono\mono\metadata\icall.c:1842:
C:\build\output\Unity-Technologies\mono\mono\metadata\icall.c:1842:
Symbol file LoadedFromMemory is not a mono symbol file
- Loaded All Assemblies, in  0.632 seconds
Refreshing native plugins compatible for Editor in 3.71 ms, found 3 plugins.
Native extension for iOS target not found
Native extension for Android target not found
Native extension for WindowsStandalone target not found
Mono: successfully reloaded assembly
- Finished resetting the current domain, in  0.576 seconds
Domain Reload Profiling: 1208ms
	BeginReloadAssembly (291ms)
		ExecutionOrderSort (0ms)
		DisableScriptedObjects (4ms)
		BackupInstance (0ms)
		ReleaseScriptingObjects (0ms)
		CreateAndSetChildDomain (26ms)
	RebuildCommonClasses (27ms)
	RebuildNativeTypeToScriptingClass (9ms)
	initialDomainReloadingComplete (27ms)
	LoadAllAssembliesAndSetupDomain (276ms)
		LoadAssemblies (268ms)
		RebuildTransferFunctionScriptingTraits (0ms)
		AnalyzeDomain (110ms)
			TypeCache.Refresh (84ms)
				TypeCache.ScanAssembly (70ms)
			BuildScriptInfoCaches (19ms)
			ResolveRequiredComponents (6ms)
	FinalizeReload (576ms)
		ReleaseScriptCaches (0ms)
		RebuildScriptCaches (0ms)
		SetupLoadedEditorAssemblies (421ms)
			LogAssemblyErrors (0ms)
			InitializePlatformSupportModulesInManaged (16ms)
			SetLoadedEditorAssemblies (4ms)
			BeforeProcessingInitializeOnLoad (30ms)
			ProcessInitializeOnLoadAttributes (217ms)
			ProcessInitializeOnLoadMethodAttributes (153ms)
			AfterProcessingInitializeOnLoad (1ms)
			EditorAssembliesLoaded (0ms)
		ExecutionOrderSort2 (0ms)
		AwakeInstancesAfterBackupRestoration (4ms)
Launched and connected shader compiler UnityShaderCompiler.exe after 0.01 seconds
Refreshing native plugins compatible for Editor in 4.34 ms, found 3 plugins.
Preloading 0 native plugins for Editor in 0.00 ms.
Unloading 50 Unused Serialized files (Serialized files now loaded: 0)
Unloading 3104 unused Assets / (2.2 MB). Loaded Objects now: 3663.
Memory consumption went from 206.5 MB to 204.4 MB.
Total: 9.203200 ms (FindLiveObjects: 0.322800 ms CreateObjectMapping: 0.282800 ms MarkObjects: 7.513400 ms  DeleteObjects: 1.083400 ms)

========================================================================
Received Prepare
Begin MonoManager ReloadAssembly
C:\build\output\Unity-Technologies\mono\mono\metadata\icall.c:1842:
C:\build\output\Unity-Technologies\mono\mono\metadata\icall.c:1842:
C:\build\output\Unity-Technologies\mono\mono\metadata\icall.c:1842:
C:\build\output\Unity-Technologies\mono\mono\metadata\icall.c:1842:
C:\build\output\Unity-Technologies\mono\mono\metadata\icall.c:1842:
C:\build\output\Unity-Technologies\mono\mono\metadata\icall.c:1842:
C:\build\output\Unity-Technologies\mono\mono\metadata\icall.c:1842:
C:\build\output\Unity-Technologies\mono\mono\metadata\icall.c:1842:
C:\build\output\Unity-Technologies\mono\mono\metadata\icall.c:1842:
C:\build\output\Unity-Technologies\mono\mono\metadata\icall.c:1842:
C:\build\output\Unity-Technologies\mono\mono\metadata\icall.c:1842:
C:\build\output\Unity-Technologies\mono\mono\metadata\icall.c:1842:
Symbol file LoadedFromMemory is not a mono symbol file
- Loaded All Assemblies, in  0.459 seconds
Refreshing native plugins compatible for Editor in 3.72 ms, found 3 plugins.
Native extension for iOS target not found
Native extension for Android target not found
Native extension for WindowsStandalone target not found
Mono: successfully reloaded assembly
- Finished resetting the current domain, in  0.585 seconds
Domain Reload Profiling: 1045ms
	BeginReloadAssembly (172ms)
		ExecutionOrderSort (0ms)
		DisableScriptedObjects (5ms)
		BackupInstance (0ms)
		ReleaseScriptingObjects (0ms)
		CreateAndSetChildDomain (38ms)
	RebuildCommonClasses (27ms)
	RebuildNativeTypeToScriptingClass (10ms)
	initialDomainReloadingComplete (18ms)
	LoadAllAssembliesAndSetupDomain (232ms)
		LoadAssemblies (253ms)
		RebuildTransferFunctionScriptingTraits (0ms)
		AnalyzeDomain (78ms)
			TypeCache.Refresh (4ms)
				TypeCache.ScanAssembly (0ms)
			BuildScriptInfoCaches (67ms)
			ResolveRequiredComponents (6ms)
	FinalizeReload (586ms)
		ReleaseScriptCaches (0ms)
		RebuildScriptCaches (0ms)
		SetupLoadedEditorAssemblies (414ms)
			LogAssemblyErrors (0ms)
			InitializePlatformSupportModulesInManaged (18ms)
			SetLoadedEditorAssemblies (4ms)
			BeforeProcessingInitializeOnLoad (31ms)
			ProcessInitializeOnLoadAttributes (209ms)
			ProcessInitializeOnLoadMethodAttributes (151ms)
			AfterProcessingInitializeOnLoad (1ms)
			EditorAssembliesLoaded (0ms)
		ExecutionOrderSort2 (0ms)
		AwakeInstancesAfterBackupRestoration (6ms)
Refreshing native plugins compatible for Editor in 4.10 ms, found 3 plugins.
Preloading 0 native plugins for Editor in 0.00 ms.
Unloading 12 Unused Serialized files (Serialized files now loaded: 0)
Unloading 3102 unused Assets / (2.0 MB). Loaded Objects now: 3663.
Memory consumption went from 199.4 MB to 197.4 MB.
Total: 7.848900 ms (FindLiveObjects: 0.303200 ms CreateObjectMapping: 0.145500 ms MarkObjects: 6.512400 ms  DeleteObjects: 0.887100 ms)

Prepare: number of updated asset objects reloaded= 0
========================================================================
Received Import Request.
  Time since last request: 30074.322358 seconds.
  path: Assets/Scenes/WaitingRoom.unity
  artifactKey: Guid(f7b48afbe4402b149945c2060ab41530) Importer(815301076,1909f56bfc062723c751e8b465ee728b)
Start importing Assets/Scenes/WaitingRoom.unity using Guid(f7b48afbe4402b149945c2060ab41530) Importer(815301076,1909f56bfc062723c751e8b465ee728b) (PreviewImporter) -> (artifact id: '021e92f38a37be80dddbc02dffdeb02b') in 0.0060728 seconds
Number of updated asset objects reloaded before import = 0Number of asset objects unloaded after import = 0

========================================================================
Received Import Request.
  Time since last request: 12.750915 seconds.
  path: Assets/Scripts/WaitingRoom/PlayerSettings.cs
  artifactKey: Guid(cc99328657bb7de4eb41c13a1aabcf9d) Importer(815301076,1909f56bfc062723c751e8b465ee728b)
Start importing Assets/Scripts/WaitingRoom/PlayerSettings.cs using Guid(cc99328657bb7de4eb41c13a1aabcf9d) Importer(815301076,1909f56bfc062723c751e8b465ee728b) (PreviewImporter) -> (artifact id: 'abfbfd38ed0627a18cc21b7bdb6d8225') in 0.0004252 seconds
Number of updated asset objects reloaded before import = 0Number of asset objects unloaded after import = 0

========================================================================
Received Import Request.
  Time since last request: 577.085625 seconds.
  path: Assets/Visual Resources/Icons/back2-ico.png
  artifactKey: Guid(29e0ed2c00e450a4abcb1924fa382c18) Importer(815301076,1909f56bfc062723c751e8b465ee728b)
Start importing Assets/Visual Resources/Icons/back2-ico.png using Guid(29e0ed2c00e450a4abcb1924fa382c18) Importer(815301076,1909f56bfc062723c751e8b465ee728b) (PreviewImporter) -> (artifact id: '2277021b00f458bc2a896def77542ec9') in 0.0719459 seconds
Number of updated asset objects reloaded before import = 0Number of asset objects unloaded after import = 3

========================================================================
Received Import Request.
  Time since last request: 0.000016 seconds.
  path: Assets/Background Space/Dynamic Space Background/Sprites/Nebula Blue.png
  artifactKey: Guid(ddcac1fac1f5c8943a30c2ef6b724062) Importer(815301076,1909f56bfc062723c751e8b465ee728b)
Start importing Assets/Background Space/Dynamic Space Background/Sprites/Nebula Blue.png using Guid(ddcac1fac1f5c8943a30c2ef6b724062) Importer(815301076,1909f56bfc062723c751e8b465ee728b) (PreviewImporter) -> (artifact id: '79ae0e393119d55b9abf5d23e6727617') in 0.0896695 seconds
Number of updated asset objects reloaded before import = 0Number of asset objects unloaded after import = 3

========================================================================
Received Import Request.
  Time since last request: 0.000014 seconds.
  path: Assets/Sprites/ColorSprite.png
  artifactKey: Guid(f54dd5f47e0221e47a3c916f3d6606f3) Importer(815301076,1909f56bfc062723c751e8b465ee728b)
Start importing Assets/Sprites/ColorSprite.png using Guid(f54dd5f47e0221e47a3c916f3d6606f3) Importer(815301076,1909f56bfc062723c751e8b465ee728b) (PreviewImporter) -> (artifact id: 'df843e305d75dfd734bc53c1d8699455') in 0.0114563 seconds
Number of updated asset objects reloaded before import = 0Number of asset objects unloaded after import = 3

========================================================================
Received Import Request.
  Time since last request: 0.000014 seconds.
  path: Assets/Visual Resources/HUD/Tools & Units/patrol.png
  artifactKey: Guid(5bce767c49d6bfd4c8f397b9c1b53e73) Importer(815301076,1909f56bfc062723c751e8b465ee728b)
Start importing Assets/Visual Resources/HUD/Tools & Units/patrol.png using Guid(5bce767c49d6bfd4c8f397b9c1b53e73) Importer(815301076,1909f56bfc062723c751e8b465ee728b) (PreviewImporter) -> (artifact id: '44632ee7e00a927be070d209f7f41a88') in 0.0141361 seconds
Number of updated asset objects reloaded before import = 0Number of asset objects unloaded after import = 3

========================================================================
Received Import Request.
  Time since last request: 0.000101 seconds.
  path: Assets/Visual Resources/Butons/hexa-mask.png
  artifactKey: Guid(5bab23ac8cb60b545ab7980b523901b5) Importer(815301076,1909f56bfc062723c751e8b465ee728b)
Start importing Assets/Visual Resources/Butons/hexa-mask.png using Guid(5bab23ac8cb60b545ab7980b523901b5) Importer(815301076,1909f56bfc062723c751e8b465ee728b) (PreviewImporter) -> (artifact id: 'c619d425c1d5cbfdbe5be49373ad2ca6') in 0.0158656 seconds
Number of updated asset objects reloaded before import = 0Number of asset objects unloaded after import = 3

========================================================================
Received Import Request.
  Time since last request: 0.000015 seconds.
  path: Assets/Visual Resources/ChatPanel/slidr-horizontal.png
  artifactKey: Guid(798aa84eec07c66419a99746ad0e017f) Importer(815301076,1909f56bfc062723c751e8b465ee728b)
Start importing Assets/Visual Resources/ChatPanel/slidr-horizontal.png using Guid(798aa84eec07c66419a99746ad0e017f) Importer(815301076,1909f56bfc062723c751e8b465ee728b) (PreviewImporter) -> (artifact id: 'ef441e9a409efb6b97a8d036c230497e') in 0.009551 seconds
Number of updated asset objects reloaded before import = 0Number of asset objects unloaded after import = 3

========================================================================
Received Import Request.
  Time since last request: 0.000029 seconds.
  path: Assets/Visual Resources/Spells/hacker-vision.png
  artifactKey: Guid(83df7aa0dbf634e4cae0ccda751060aa) Importer(815301076,1909f56bfc062723c751e8b465ee728b)
Start importing Assets/Visual Resources/Spells/hacker-vision.png using Guid(83df7aa0dbf634e4cae0ccda751060aa) Importer(815301076,1909f56bfc062723c751e8b465ee728b) (PreviewImporter) -> (artifact id: 'e55a86fa74b07a85bb72cce2877d78fa') in 0.0168762 seconds
Number of updated asset objects reloaded before import = 0Number of asset objects unloaded after import = 3

========================================================================
Received Import Request.
  Time since last request: 0.000011 seconds.
  path: Assets/Photon/PhotonUnityNetworking/Icons/PunIconApp512.png
  artifactKey: Guid(7377013011b4c3348809ff574abe799e) Importer(815301076,1909f56bfc062723c751e8b465ee728b)
Start importing Assets/Photon/PhotonUnityNetworking/Icons/PunIconApp512.png using Guid(7377013011b4c3348809ff574abe799e) Importer(815301076,1909f56bfc062723c751e8b465ee728b) (PreviewImporter) -> (artifact id: 'd80251a8098d7285d34f69b0bf672de9') in 0.0173295 seconds
Number of updated asset objects reloaded before import = 0Number of asset objects unloaded after import = 3

========================================================================
Received Import Request.
  Time since last request: 0.000013 seconds.
  path: Assets/Visual Resources/HUD/Tools & Units/stop.png
  artifactKey: Guid(5864f5fdeaf667340a3ae1cb69b0c062) Importer(815301076,1909f56bfc062723c751e8b465ee728b)
Start importing Assets/Visual Resources/HUD/Tools & Units/stop.png using Guid(5864f5fdeaf667340a3ae1cb69b0c062) Importer(815301076,1909f56bfc062723c751e8b465ee728b) (PreviewImporter) -> (artifact id: '03fe47be2c5a3d7bc0970ba5044de626') in 0.0251209 seconds
Number of updated asset objects reloaded before import = 0Number of asset objects unloaded after import = 3

========================================================================
Received Import Request.
  Time since last request: 0.000029 seconds.
  path: Assets/Visual Resources/SkillTree Icon/vision-50.png
  artifactKey: Guid(d1b2a42f2abfe5844bc701161f50715f) Importer(815301076,1909f56bfc062723c751e8b465ee728b)
Start importing Assets/Visual Resources/SkillTree Icon/vision-50.png using Guid(d1b2a42f2abfe5844bc701161f50715f) Importer(815301076,1909f56bfc062723c751e8b465ee728b) (PreviewImporter) -> (artifact id: 'fbe3f2784c615063662c81155c910f4a') in 0.0192637 seconds
Number of updated asset objects reloaded before import = 0Number of asset objects unloaded after import = 3

========================================================================
Received Import Request.
  Time since last request: 0.000019 seconds.
  path: Assets/Visual Resources/SkillTree Icon/build-faster.png
  artifactKey: Guid(1d7a1c37353d8304d8d36c2fe98e959a) Importer(815301076,1909f56bfc062723c751e8b465ee728b)
Start importing Assets/Visual Resources/SkillTree Icon/build-faster.png using Guid(1d7a1c37353d8304d8d36c2fe98e959a) Importer(815301076,1909f56bfc062723c751e8b465ee728b) (PreviewImporter) -> (artifact id: '43a6c96d951be207e53fa28be1b861a0') in 0.0259906 seconds
Number of updated asset objects reloaded before import = 0Number of asset objects unloaded after import = 3

========================================================================
Received Import Request.
  Time since last request: 0.000015 seconds.
  path: Assets/Visual Resources/HUD/blanc.color.png
  artifactKey: Guid(42dff1cd4ad54314f95980685277b524) Importer(815301076,1909f56bfc062723c751e8b465ee728b)
Start importing Assets/Visual Resources/HUD/blanc.color.png using Guid(42dff1cd4ad54314f95980685277b524) Importer(815301076,1909f56bfc062723c751e8b465ee728b) (PreviewImporter) -> (artifact id: '8aa8b5837ad1d49af000ec229f9ebafd') in 0.0340601 seconds
Number of updated asset objects reloaded before import = 0Number of asset objects unloaded after import = 3

========================================================================
Received Import Request.
  Time since last request: 0.000017 seconds.
  path: Assets/Visual Resources/Spells/vision.png
  artifactKey: Guid(7257f52a06476564b8c5f140a0fac025) Importer(815301076,1909f56bfc062723c751e8b465ee728b)
Start importing Assets/Visual Resources/Spells/vision.png using Guid(7257f52a06476564b8c5f140a0fac025) Importer(815301076,1909f56bfc062723c751e8b465ee728b) (PreviewImporter) -> (artifact id: '2cb9bd5ef458d0b9e96765a404ef651b') in 0.0090117 seconds
Number of updated asset objects reloaded before import = 0Number of asset objects unloaded after import = 3

========================================================================
Received Import Request.
  Time since last request: 0.000015 seconds.
  path: Assets/Visual Resources/SkillTree Icon/turret-range.png
  artifactKey: Guid(460db390ca8c90443a8f27ec2fa2905e) Importer(815301076,1909f56bfc062723c751e8b465ee728b)
Start importing Assets/Visual Resources/SkillTree Icon/turret-range.png using Guid(460db390ca8c90443a8f27ec2fa2905e) Importer(815301076,1909f56bfc062723c751e8b465ee728b) (PreviewImporter) -> (artifact id: 'c81f4eb98a4fe2d92f8e0d8f1860c694') in 0.0074756 seconds
Number of updated asset objects reloaded before import = 0Number of asset objects unloaded after import = 3

========================================================================
Received Import Request.
  Time since last request: 0.000025 seconds.
  path: Assets/Visual Resources/SkillTree Icon/destroyer-banner.png
  artifactKey: Guid(c0cb967780f9ba245bc23e5afcd6a105) Importer(815301076,1909f56bfc062723c751e8b465ee728b)
Start importing Assets/Visual Resources/SkillTree Icon/destroyer-banner.png using Guid(c0cb967780f9ba245bc23e5afcd6a105) Importer(815301076,1909f56bfc062723c751e8b465ee728b) (PreviewImporter) -> (artifact id: '7ff123ff57fd8d4f809fb5af01e0671a') in 0.005974 seconds
Number of updated asset objects reloaded before import = 0Number of asset objects unloaded after import = 3

========================================================================
Received Import Request.
  Time since last request: 0.000037 seconds.
  path: Assets/Visual Resources/Butons/handle-slider-sprite.png
  artifactKey: Guid(dd4ba58fbab2a2249bc7e546d3cbf2b1) Importer(815301076,1909f56bfc062723c751e8b465ee728b)
Start importing Assets/Visual Resources/Butons/handle-slider-sprite.png using Guid(dd4ba58fbab2a2249bc7e546d3cbf2b1) Importer(815301076,1909f56bfc062723c751e8b465ee728b) (PreviewImporter) -> (artifact id: 'c95f874fedc3833b53927375652e5781') in 0.0085285 seconds
Number of updated asset objects reloaded before import = 0Number of asset objects unloaded after import = 3

========================================================================
Received Import Request.
  Time since last request: 0.000050 seconds.
  path: Assets/Visual Resources/Units Icon/builder.png
  artifactKey: Guid(d9e643f0ea8fb804c99cec3c9db98277) Importer(815301076,1909f56bfc062723c751e8b465ee728b)
Start importing Assets/Visual Resources/Units Icon/builder.png using Guid(d9e643f0ea8fb804c99cec3c9db98277) Importer(815301076,1909f56bfc062723c751e8b465ee728b) (PreviewImporter) -> (artifact id: 'b5c098a0dd794ac3f7f30a1f9eff89b1') in 0.0060108 seconds
Number of updated asset objects reloaded before import = 0Number of asset objects unloaded after import = 3

========================================================================
Received Import Request.
  Time since last request: 0.000029 seconds.
  path: Assets/Visual Resources/Building Icons/conquest-station-base.png
  artifactKey: Guid(db1db1cb14832af4cbd35b9e2dd0d5ec) Importer(815301076,1909f56bfc062723c751e8b465ee728b)
Start importing Assets/Visual Resources/Building Icons/conquest-station-base.png using Guid(db1db1cb14832af4cbd35b9e2dd0d5ec) Importer(815301076,1909f56bfc062723c751e8b465ee728b) (PreviewImporter) -> (artifact id: '37466d97628f039d9978cb94b8051d20') in 0.0067831 seconds
Number of updated asset objects reloaded before import = 0Number of asset objects unloaded after import = 3

========================================================================
Received Import Request.
  Time since last request: 0.000021 seconds.
  path: Assets/Visual Resources/SkillTree Icon/overclock-unlock.png
  artifactKey: Guid(eb39091f00ce9ef48948b3652c6c3dcc) Importer(815301076,1909f56bfc062723c751e8b465ee728b)
Start importing Assets/Visual Resources/SkillTree Icon/overclock-unlock.png using Guid(eb39091f00ce9ef48948b3652c6c3dcc) Importer(815301076,1909f56bfc062723c751e8b465ee728b) (PreviewImporter) -> (artifact id: '24905b216bb6d31567fafa87162d1a85') in 0.0084552 seconds
Number of updated asset objects reloaded before import = 0Number of asset objects unloaded after import = 3

========================================================================
Received Import Request.
  Time since last request: 0.000016 seconds.
  path: Assets/Visual Resources/Building Icons/energy.png
  artifactKey: Guid(b2b7a2829ea3cb64d82c7cbabb04fc18) Importer(815301076,1909f56bfc062723c751e8b465ee728b)
Start importing Assets/Visual Resources/Building Icons/energy.png using Guid(b2b7a2829ea3cb64d82c7cbabb04fc18) Importer(815301076,1909f56bfc062723c751e8b465ee728b) (PreviewImporter) -> (artifact id: 'c4fcd8d6937df1f09668fb376465d5e9') in 0.0069231 seconds
Number of updated asset objects reloaded before import = 0Number of asset objects unloaded after import = 3

========================================================================
Received Import Request.
  Time since last request: 0.000131 seconds.
  path: Assets/Visual Resources/HUD/formation.png
  artifactKey: Guid(09e436a44c1f1b644b6656009f3e8c38) Importer(815301076,1909f56bfc062723c751e8b465ee728b)
Start importing Assets/Visual Resources/HUD/formation.png using Guid(09e436a44c1f1b644b6656009f3e8c38) Importer(815301076,1909f56bfc062723c751e8b465ee728b) (PreviewImporter) -> (artifact id: '1f2073f4cc8a2c14f5bf22a735b11a42') in 0.0056594 seconds
Number of updated asset objects reloaded before import = 0Number of asset objects unloaded after import = 3

========================================================================
Received Import Request.
  Time since last request: 0.000012 seconds.
  path: Assets/Visual Resources/title1v2.png
  artifactKey: Guid(f5fdfa788a17bac4eafea914a02ecaf5) Importer(815301076,1909f56bfc062723c751e8b465ee728b)
Start importing Assets/Visual Resources/title1v2.png using Guid(f5fdfa788a17bac4eafea914a02ecaf5) Importer(815301076,1909f56bfc062723c751e8b465ee728b) (PreviewImporter) -> (artifact id: '754c4e8c08742f31596b77826f421942') in 0.0207672 seconds
Number of updated asset objects reloaded before import = 0Number of asset objects unloaded after import = 3

========================================================================
Received Import Request.
  Time since last request: 0.000114 seconds.
  path: Assets/Visual Resources/ChatPanel/slider-vertical.png
  artifactKey: Guid(cba955b336882a342a6afc8226ca98d2) Importer(815301076,1909f56bfc062723c751e8b465ee728b)
Start importing Assets/Visual Resources/ChatPanel/slider-vertical.png using Guid(cba955b336882a342a6afc8226ca98d2) Importer(815301076,1909f56bfc062723c751e8b465ee728b) (PreviewImporter) -> (artifact id: '8b756d3d85354e973008b11b3f1d8e67') in 0.0087916 seconds
Number of updated asset objects reloaded before import = 0Number of asset objects unloaded after import = 3

========================================================================
Received Import Request.
  Time since last request: 0.000031 seconds.
  path: Assets/Visual Resources/Butons/hexa-sprite 2.png
  artifactKey: Guid(44da59861b6d0cb43bcd526906953ba2) Importer(815301076,1909f56bfc062723c751e8b465ee728b)
Start importing Assets/Visual Resources/Butons/hexa-sprite 2.png using Guid(44da59861b6d0cb43bcd526906953ba2) Importer(815301076,1909f56bfc062723c751e8b465ee728b) (PreviewImporter) -> (artifact id: '8e340754fc18082c42bff2f79577612a') in 0.0108858 seconds
Number of updated asset objects reloaded before import = 0Number of asset objects unloaded after import = 3

========================================================================
Received Import Request.
  Time since last request: 0.000016 seconds.
  path: Assets/Background Space/Dynamic Space Background/Sprites/Stars Small_1.png
  artifactKey: Guid(efe6ce32a6a4408489775c70e5d32f11) Importer(815301076,1909f56bfc062723c751e8b465ee728b)
Start importing Assets/Background Space/Dynamic Space Background/Sprites/Stars Small_1.png using Guid(efe6ce32a6a4408489775c70e5d32f11) Importer(815301076,1909f56bfc062723c751e8b465ee728b) (PreviewImporter) -> (artifact id: '41816b2b9850b265543098514003bbc5') in 0.0176184 seconds
Number of updated asset objects reloaded before import = 0Number of asset objects unloaded after import = 3

========================================================================
Received Import Request.
  Time since last request: 0.000012 seconds.
  path: Assets/Sprites/Colors/blue.png
  artifactKey: Guid(f4efea751ca2c6d4986b690fa849ff26) Importer(815301076,1909f56bfc062723c751e8b465ee728b)
Start importing Assets/Sprites/Colors/blue.png using Guid(f4efea751ca2c6d4986b690fa849ff26) Importer(815301076,1909f56bfc062723c751e8b465ee728b) (PreviewImporter) -> (artifact id: '60f037631c49e31e92e3edef96fcfb63') in 0.0070267 seconds
Number of updated asset objects reloaded before import = 0Number of asset objects unloaded after import = 3

========================================================================
Received Import Request.
  Time since last request: 0.000083 seconds.
  path: Assets/Visual Resources/SkillTree Icon/radar-+1.png
  artifactKey: Guid(eef6548a309e7e444aebb03cbc4ba0b9) Importer(815301076,1909f56bfc062723c751e8b465ee728b)
Start importing Assets/Visual Resources/SkillTree Icon/radar-+1.png using Guid(eef6548a309e7e444aebb03cbc4ba0b9) Importer(815301076,1909f56bfc062723c751e8b465ee728b) (PreviewImporter) -> (artifact id: '347b03df34de1cf5186d650f0eb64d19') in 0.0063708 seconds
Number of updated asset objects reloaded before import = 0Number of asset objects unloaded after import = 3

========================================================================
Received Import Request.
  Time since last request: 0.000015 seconds.
  path: Assets/Visual Resources/HUD/Tools & Units/move.png
  artifactKey: Guid(f645f410b2dd3dd489bbbee93154e664) Importer(815301076,1909f56bfc062723c751e8b465ee728b)
Start importing Assets/Visual Resources/HUD/Tools & Units/move.png using Guid(f645f410b2dd3dd489bbbee93154e664) Importer(815301076,1909f56bfc062723c751e8b465ee728b) (PreviewImporter) -> (artifact id: 'dc2dbe7c604999439dc46927107c129d') in 0.0059045 seconds
Number of updated asset objects reloaded before import = 0Number of asset objects unloaded after import = 3

========================================================================
Received Import Request.
  Time since last request: 0.000011 seconds.
  path: Assets/Visual Resources/Main Logo/logo-base-blanc.png
  artifactKey: Guid(f736ee900ebdc9040a49c1df10d306a2) Importer(815301076,1909f56bfc062723c751e8b465ee728b)
Start importing Assets/Visual Resources/Main Logo/logo-base-blanc.png using Guid(f736ee900ebdc9040a49c1df10d306a2) Importer(815301076,1909f56bfc062723c751e8b465ee728b) (PreviewImporter) -> (artifact id: '5fa3bb617fb1f3b403dccdd1c4da4698') in 0.0159353 seconds
Number of updated asset objects reloaded before import = 0Number of asset objects unloaded after import = 3

========================================================================
Received Import Request.
  Time since last request: 0.000012 seconds.
  path: Assets/Visual Resources/Units Icon/bomber.png
  artifactKey: Guid(37d0542989871da4fbe2d5636127ea3b) Importer(815301076,1909f56bfc062723c751e8b465ee728b)
Start importing Assets/Visual Resources/Units Icon/bomber.png using Guid(37d0542989871da4fbe2d5636127ea3b) Importer(815301076,1909f56bfc062723c751e8b465ee728b) (PreviewImporter) -> (artifact id: 'a3d3bced26e704ac308daab5483353cf') in 0.0057603 seconds
Number of updated asset objects reloaded before import = 0Number of asset objects unloaded after import = 3

========================================================================
Received Import Request.
  Time since last request: 0.000034 seconds.
  path: Assets/Visual Resources/Icons/descending-arrow.png
  artifactKey: Guid(74220a610dcb3ea438fa58d0dab7e946) Importer(815301076,1909f56bfc062723c751e8b465ee728b)
Start importing Assets/Visual Resources/Icons/descending-arrow.png using Guid(74220a610dcb3ea438fa58d0dab7e946) Importer(815301076,1909f56bfc062723c751e8b465ee728b) (PreviewImporter) -> (artifact id: '276f1b8d14ffb1b771a6e221b595872c') in 0.0061202 seconds
Number of updated asset objects reloaded before import = 0Number of asset objects unloaded after import = 3

========================================================================
Received Import Request.
  Time since last request: 0.000042 seconds.
  path: Assets/Visual Resources/Building Icons/sapcefarm.png
  artifactKey: Guid(208331a9d55a68f4ab392b90e4f5ba0b) Importer(815301076,1909f56bfc062723c751e8b465ee728b)
Start importing Assets/Visual Resources/Building Icons/sapcefarm.png using Guid(208331a9d55a68f4ab392b90e4f5ba0b) Importer(815301076,1909f56bfc062723c751e8b465ee728b) (PreviewImporter) -> (artifact id: '5f0c3b80fa424b51d574a7e634c8c55b') in 0.005476 seconds
Number of updated asset objects reloaded before import = 0Number of asset objects unloaded after import = 3

========================================================================
Received Import Request.
  Time since last request: 0.000016 seconds.
  path: Assets/3D Resources/Particle/To Use/EffectExamples/WeaponEffects/Textures/TinyStonesParticleSheet.png
  artifactKey: Guid(ce97ed62c0a56e84ab25e22c8dfd5bca) Importer(815301076,1909f56bfc062723c751e8b465ee728b)
Start importing Assets/3D Resources/Particle/To Use/EffectExamples/WeaponEffects/Textures/TinyStonesParticleSheet.png using Guid(ce97ed62c0a56e84ab25e22c8dfd5bca) Importer(815301076,1909f56bfc062723c751e8b465ee728b) (PreviewImporter) -> (artifact id: '2ed6b3a6d8e8928f1d4319acab6267c7') in 0.0109878 seconds
Number of updated asset objects reloaded before import = 0Number of asset objects unloaded after import = 6

========================================================================
Received Import Request.
  Time since last request: 0.000011 seconds.
  path: Assets/Visual Resources/Spells/destroyer-support.png
  artifactKey: Guid(537ae2aaab5f4c54181fd590955c32ef) Importer(815301076,1909f56bfc062723c751e8b465ee728b)
Start importing Assets/Visual Resources/Spells/destroyer-support.png using Guid(537ae2aaab5f4c54181fd590955c32ef) Importer(815301076,1909f56bfc062723c751e8b465ee728b) (PreviewImporter) -> (artifact id: '767bfba9a028726e774ff6db6614cbe9') in 0.0077872 seconds
Number of updated asset objects reloaded before import = 0Number of asset objects unloaded after import = 3

========================================================================
Received Import Request.
  Time since last request: 0.000020 seconds.
  path: Assets/Visual Resources/Background/Small Stars.png
  artifactKey: Guid(c876e2caa8850c6488ed5c69e4556a97) Importer(815301076,1909f56bfc062723c751e8b465ee728b)
Start importing Assets/Visual Resources/Background/Small Stars.png using Guid(c876e2caa8850c6488ed5c69e4556a97) Importer(815301076,1909f56bfc062723c751e8b465ee728b) (PreviewImporter) -> (artifact id: '19b9e135ecc9adfe4d09184c3e9bd19e') in 0.0186914 seconds
Number of updated asset objects reloaded before import = 0Number of asset objects unloaded after import = 3

========================================================================
Received Import Request.
  Time since last request: 0.000012 seconds.
  path: Assets/Background Space/Dynamic Space Background/Sprites/Nebula Red.png
  artifactKey: Guid(35313af049b4a2f42a0325330c51d74a) Importer(815301076,1909f56bfc062723c751e8b465ee728b)
Start importing Assets/Background Space/Dynamic Space Background/Sprites/Nebula Red.png using Guid(35313af049b4a2f42a0325330c51d74a) Importer(815301076,1909f56bfc062723c751e8b465ee728b) (PreviewImporter) -> (artifact id: '728e7dcc15a88f2afdb9cb7fa7137605') in 0.0173248 seconds
Number of updated asset objects reloaded before import = 0Number of asset objects unloaded after import = 3

========================================================================
Received Import Request.
  Time since last request: 0.000012 seconds.
  path: Assets/Visual Resources/SkillTree Icon/energy-10.png
  artifactKey: Guid(78f0803687f7d204c80253a91588935b) Importer(815301076,1909f56bfc062723c751e8b465ee728b)
Start importing Assets/Visual Resources/SkillTree Icon/energy-10.png using Guid(78f0803687f7d204c80253a91588935b) Importer(815301076,1909f56bfc062723c751e8b465ee728b) (PreviewImporter) -> (artifact id: 'c5cd15f8ed961c122143afffebf54d5c') in 0.0064381 seconds
Number of updated asset objects reloaded before import = 0Number of asset objects unloaded after import = 3

========================================================================
Received Import Request.
  Time since last request: 0.000022 seconds.
  path: Assets/Visual Resources/Building Icons/house.png
  artifactKey: Guid(13b97f869cc57454292becf9fcbceef3) Importer(815301076,1909f56bfc062723c751e8b465ee728b)
Start importing Assets/Visual Resources/Building Icons/house.png using Guid(13b97f869cc57454292becf9fcbceef3) Importer(815301076,1909f56bfc062723c751e8b465ee728b) (PreviewImporter) -> (artifact id: '4ba5e661aa479342ecd459a6a8db7632') in 0.0056581 seconds
Number of updated asset objects reloaded before import = 0Number of asset objects unloaded after import = 3

========================================================================
Received Import Request.
  Time since last request: 0.000015 seconds.
  path: Assets/Visual Resources/HUD/SendHelp 1.png
  artifactKey: Guid(1d7e4e1c904d0e24ba621ff849f453e6) Importer(815301076,1909f56bfc062723c751e8b465ee728b)
Start importing Assets/Visual Resources/HUD/SendHelp 1.png using Guid(1d7e4e1c904d0e24ba621ff849f453e6) Importer(815301076,1909f56bfc062723c751e8b465ee728b) (PreviewImporter) -> (artifact id: 'd319a516039b249809c5b22dcefc5536') in 0.0067036 seconds
Number of updated asset objects reloaded before import = 0Number of asset objects unloaded after import = 3

========================================================================
Received Import Request.
  Time since last request: 0.000039 seconds.
  path: Assets/Photon/PhotonUnityNetworking/Icons/PunIcon-128.png
  artifactKey: Guid(bd293dc32f4aaf94e8274f2fac2cdf89) Importer(815301076,1909f56bfc062723c751e8b465ee728b)
Start importing Assets/Photon/PhotonUnityNetworking/Icons/PunIcon-128.png using Guid(bd293dc32f4aaf94e8274f2fac2cdf89) Importer(815301076,1909f56bfc062723c751e8b465ee728b) (PreviewImporter) -> (artifact id: '63dde3365936cc60c851f220b49f04ac') in 0.0102356 seconds
Number of updated asset objects reloaded before import = 0Number of asset objects unloaded after import = 3

========================================================================
Received Import Request.
  Time since last request: 0.000115 seconds.
  path: Assets/Visual Resources/Building Icons/labo-icon.png
  artifactKey: Guid(06f7ac51c12fef64e8d59f06cc9efe6d) Importer(815301076,1909f56bfc062723c751e8b465ee728b)
Start importing Assets/Visual Resources/Building Icons/labo-icon.png using Guid(06f7ac51c12fef64e8d59f06cc9efe6d) Importer(815301076,1909f56bfc062723c751e8b465ee728b) (PreviewImporter) -> (artifact id: 'f16c58a157b74188e64f467e6fe9b228') in 0.0068719 seconds
Number of updated asset objects reloaded before import = 0Number of asset objects unloaded after import = 3

========================================================================
Received Import Request.
  Time since last request: 0.000023 seconds.
  path: Assets/Visual Resources/SkillTree Icon/overclock-damage-25.png
  artifactKey: Guid(09d74b4cb8706d9438c315fb1e368658) Importer(815301076,1909f56bfc062723c751e8b465ee728b)
Start importing Assets/Visual Resources/SkillTree Icon/overclock-damage-25.png using Guid(09d74b4cb8706d9438c315fb1e368658) Importer(815301076,1909f56bfc062723c751e8b465ee728b) (PreviewImporter) -> (artifact id: '93b5da9368f4cd37434cf76920d3afdd') in 0.0058074 seconds
Number of updated asset objects reloaded before import = 0Number of asset objects unloaded after import = 3

========================================================================
Received Import Request.
  Time since last request: 0.000012 seconds.
  path: Assets/Visual Resources/SkillTree Icon/time-50.png
  artifactKey: Guid(01f9aa68ebd90724ebdcb6a165915520) Importer(815301076,1909f56bfc062723c751e8b465ee728b)
Start importing Assets/Visual Resources/SkillTree Icon/time-50.png using Guid(01f9aa68ebd90724ebdcb6a165915520) Importer(815301076,1909f56bfc062723c751e8b465ee728b) (PreviewImporter) -> (artifact id: 'e0cdbb4b0a0a1465010d377bc5e6b6a6') in 0.0058717 seconds
Number of updated asset objects reloaded before import = 0Number of asset objects unloaded after import = 3

========================================================================
Received Import Request.
  Time since last request: 0.000036 seconds.
  path: Assets/Visual Resources/HUD/comp-tree.png
  artifactKey: Guid(3e7e8d8d06b6a7a4daf182b78f1bfc3b) Importer(815301076,1909f56bfc062723c751e8b465ee728b)
Start importing Assets/Visual Resources/HUD/comp-tree.png using Guid(3e7e8d8d06b6a7a4daf182b78f1bfc3b) Importer(815301076,1909f56bfc062723c751e8b465ee728b) (PreviewImporter) -> (artifact id: 'a1a565ff94ef2c934bab91ca536654e7') in 0.0056978 seconds
Number of updated asset objects reloaded before import = 0Number of asset objects unloaded after import = 3

========================================================================
Received Import Request.
  Time since last request: 0.000015 seconds.
  path: Assets/Visual Resources/SkillTree/background.png
  artifactKey: Guid(b597d4c5c2709ec48854de09d2194e25) Importer(815301076,1909f56bfc062723c751e8b465ee728b)
Start importing Assets/Visual Resources/SkillTree/background.png using Guid(b597d4c5c2709ec48854de09d2194e25) Importer(815301076,1909f56bfc062723c751e8b465ee728b) (PreviewImporter) -> (artifact id: 'ed65cee7af7c8742b60205911f9efebe') in 0.0075575 seconds
Number of updated asset objects reloaded before import = 0Number of asset objects unloaded after import = 3

========================================================================
Received Import Request.
  Time since last request: 0.000114 seconds.
  path: Assets/Visual Resources/SkillTree Icon/unlock-economy.png
  artifactKey: Guid(86fa520b473c6cf4cbbe7509a5aa4dd8) Importer(815301076,1909f56bfc062723c751e8b465ee728b)
Start importing Assets/Visual Resources/SkillTree Icon/unlock-economy.png using Guid(86fa520b473c6cf4cbbe7509a5aa4dd8) Importer(815301076,1909f56bfc062723c751e8b465ee728b) (PreviewImporter) -> (artifact id: '60fd7829328da9fd1a44108813eb509a') in 0.0056882 seconds
Number of updated asset objects reloaded before import = 0Number of asset objects unloaded after import = 3

========================================================================
Received Import Request.
  Time since last request: 0.000031 seconds.
  path: Assets/Visual Resources/Background/space-wallpaper-1.jpg
  artifactKey: Guid(5bf4b4199a2469643883d884b48f93bc) Importer(815301076,1909f56bfc062723c751e8b465ee728b)
Start importing Assets/Visual Resources/Background/space-wallpaper-1.jpg using Guid(5bf4b4199a2469643883d884b48f93bc) Importer(815301076,1909f56bfc062723c751e8b465ee728b) (PreviewImporter) -> (artifact id: '2db05741a2f581b5e24c681adbcb310b') in 0.0113287 seconds
Number of updated asset objects reloaded before import = 0Number of asset objects unloaded after import = 3

========================================================================
Received Import Request.
  Time since last request: 0.000034 seconds.
  path: Assets/Visual Resources/HUD/rect-arrondi-button.png
  artifactKey: Guid(cd87774a155f66743ba09402d9be4866) Importer(815301076,1909f56bfc062723c751e8b465ee728b)
Start importing Assets/Visual Resources/HUD/rect-arrondi-button.png using Guid(cd87774a155f66743ba09402d9be4866) Importer(815301076,1909f56bfc062723c751e8b465ee728b) (PreviewImporter) -> (artifact id: 'b0db5cd86e41fdcb0694cebe87416d29') in 0.0066896 seconds
Number of updated asset objects reloaded before import = 0Number of asset objects unloaded after import = 3

========================================================================
Received Import Request.
  Time since last request: 0.000036 seconds.
  path: Assets/Visual Resources/HUD/Tools & Units/repair.png
  artifactKey: Guid(2ce675952659c9a438fe39aacfa1499c) Importer(815301076,1909f56bfc062723c751e8b465ee728b)
Start importing Assets/Visual Resources/HUD/Tools & Units/repair.png using Guid(2ce675952659c9a438fe39aacfa1499c) Importer(815301076,1909f56bfc062723c751e8b465ee728b) (PreviewImporter) -> (artifact id: '9845072d26d709b3c72d3dc0abfac8d5') in 0.005735 seconds
Number of updated asset objects reloaded before import = 0Number of asset objects unloaded after import = 3

========================================================================
Received Import Request.
  Time since last request: 0.000011 seconds.
  path: Assets/Visual Resources/HUD/HUD 1.png
  artifactKey: Guid(297bd9a9b7a284a42a24e72a3fb431f5) Importer(815301076,1909f56bfc062723c751e8b465ee728b)
Start importing Assets/Visual Resources/HUD/HUD 1.png using Guid(297bd9a9b7a284a42a24e72a3fb431f5) Importer(815301076,1909f56bfc062723c751e8b465ee728b) (PreviewImporter) -> (artifact id: '815e9e54aea51ef4ef0d536fb0b9064a') in 0.0077057 seconds
Number of updated asset objects reloaded before import = 0Number of asset objects unloaded after import = 3

========================================================================
Received Import Request.
  Time since last request: 0.000027 seconds.
  path: Assets/Photon/PhotonUnityNetworking/Icons/PunIconApp128.png
  artifactKey: Guid(f00feafcf0675cd47a48f83ae42b06d4) Importer(815301076,1909f56bfc062723c751e8b465ee728b)
Start importing Assets/Photon/PhotonUnityNetworking/Icons/PunIconApp128.png using Guid(f00feafcf0675cd47a48f83ae42b06d4) Importer(815301076,1909f56bfc062723c751e8b465ee728b) (PreviewImporter) -> (artifact id: '321533d3fc2a4312c963267b9043f0a5') in 0.0073417 seconds
Number of updated asset objects reloaded before import = 0Number of asset objects unloaded after import = 3

========================================================================
Received Import Request.
  Time since last request: 0.000014 seconds.
  path: Assets/Visual Resources/Building Icons/radar-icon.png
  artifactKey: Guid(469f0ef3407e44c45b8456290061623b) Importer(815301076,1909f56bfc062723c751e8b465ee728b)
Start importing Assets/Visual Resources/Building Icons/radar-icon.png using Guid(469f0ef3407e44c45b8456290061623b) Importer(815301076,1909f56bfc062723c751e8b465ee728b) (PreviewImporter) -> (artifact id: 'c8c0c31f9c7ab8c5157bf11c71506a65') in 0.0059947 seconds
Number of updated asset objects reloaded before import = 0Number of asset objects unloaded after import = 3

========================================================================
Received Import Request.
  Time since last request: 0.000039 seconds.
  path: Assets/Visual Resources/HUD/Tools & Units/target.png
  artifactKey: Guid(dc980fe6117a0c748a787b80582526ee) Importer(815301076,1909f56bfc062723c751e8b465ee728b)
Start importing Assets/Visual Resources/HUD/Tools & Units/target.png using Guid(dc980fe6117a0c748a787b80582526ee) Importer(815301076,1909f56bfc062723c751e8b465ee728b) (PreviewImporter) -> (artifact id: '36ba504c368c6bbb2a7ce30e12db0ffa') in 0.0079699 seconds
Number of updated asset objects reloaded before import = 0Number of asset objects unloaded after import = 3

========================================================================
Received Import Request.
  Time since last request: 0.000015 seconds.
  path: Assets/Visual Resources/Units Icon/basic-troop.png
  artifactKey: Guid(73f6d876e145e5649ac50cb30c13c1fc) Importer(815301076,1909f56bfc062723c751e8b465ee728b)
Start importing Assets/Visual Resources/Units Icon/basic-troop.png using Guid(73f6d876e145e5649ac50cb30c13c1fc) Importer(815301076,1909f56bfc062723c751e8b465ee728b) (PreviewImporter) -> (artifact id: 'a5dd870f20642993a465d9000801997a') in 0.0075962 seconds
Number of updated asset objects reloaded before import = 0Number of asset objects unloaded after import = 3

========================================================================
Received Import Request.
  Time since last request: 0.000027 seconds.
  path: Assets/Visual Resources/ChatPanel/background.png
  artifactKey: Guid(ae6647763ba282a4998a12c9744fe8c2) Importer(815301076,1909f56bfc062723c751e8b465ee728b)
Start importing Assets/Visual Resources/ChatPanel/background.png using Guid(ae6647763ba282a4998a12c9744fe8c2) Importer(815301076,1909f56bfc062723c751e8b465ee728b) (PreviewImporter) -> (artifact id: 'e30caec9eecf62128f138d800e1f7207') in 0.0072925 seconds
Number of updated asset objects reloaded before import = 0Number of asset objects unloaded after import = 3

========================================================================
Received Import Request.
  Time since last request: 0.000028 seconds.
  path: Assets/Visual Resources/Butons/hexa-empty-sprite.png
  artifactKey: Guid(6278bf6a67b420c4790031453c607783) Importer(815301076,1909f56bfc062723c751e8b465ee728b)
Start importing Assets/Visual Resources/Butons/hexa-empty-sprite.png using Guid(6278bf6a67b420c4790031453c607783) Importer(815301076,1909f56bfc062723c751e8b465ee728b) (PreviewImporter) -> (artifact id: '294c12f7c5c6d5aaa47519c930388dd5') in 0.0164404 seconds
Number of updated asset objects reloaded before import = 0Number of asset objects unloaded after import = 3

========================================================================
Received Import Request.
  Time since last request: 0.000042 seconds.
  path: Assets/Visual Resources/HUD/ping.png
  artifactKey: Guid(9c9aebc7d4d797241aa85c49576a64e0) Importer(815301076,1909f56bfc062723c751e8b465ee728b)
Start importing Assets/Visual Resources/HUD/ping.png using Guid(9c9aebc7d4d797241aa85c49576a64e0) Importer(815301076,1909f56bfc062723c751e8b465ee728b) (PreviewImporter) -> (artifact id: '976b5b1717ccbe48f08ed8967b6515fb') in 0.0056827 seconds
Number of updated asset objects reloaded before import = 0Number of asset objects unloaded after import = 3

========================================================================
Received Import Request.
  Time since last request: 0.000015 seconds.
  path: Assets/Visual Resources/HUD/hexa-empty-sprite2.png
  artifactKey: Guid(449abe81675711443959e680175ae535) Importer(815301076,1909f56bfc062723c751e8b465ee728b)
Start importing Assets/Visual Resources/HUD/hexa-empty-sprite2.png using Guid(449abe81675711443959e680175ae535) Importer(815301076,1909f56bfc062723c751e8b465ee728b) (PreviewImporter) -> (artifact id: 'f2d65dc7bb620b8985f924ab24dff4a3') in 0.0087747 seconds
Number of updated asset objects reloaded before import = 0Number of asset objects unloaded after import = 3

========================================================================
Received Import Request.
  Time since last request: 0.000037 seconds.
  path: Assets/Background Space/Dynamic Space Background/Sprites/Nebula Aqua-Pink.png
  artifactKey: Guid(d9b31ebd60af68c469212c1a9f513e74) Importer(815301076,1909f56bfc062723c751e8b465ee728b)
Start importing Assets/Background Space/Dynamic Space Background/Sprites/Nebula Aqua-Pink.png using Guid(d9b31ebd60af68c469212c1a9f513e74) Importer(815301076,1909f56bfc062723c751e8b465ee728b) (PreviewImporter) -> (artifact id: '4a4cbc43cd5fab9176aa1d16dcfc9cb0') in 0.0201628 seconds
Number of updated asset objects reloaded before import = 0Number of asset objects unloaded after import = 3

========================================================================
Received Import Request.
  Time since last request: 0.000016 seconds.
  path: Assets/Visual Resources/SkillTree Icon/life-10.png
  artifactKey: Guid(a47417b08b5d43749aeb8e9a3793c4c4) Importer(815301076,1909f56bfc062723c751e8b465ee728b)
Start importing Assets/Visual Resources/SkillTree Icon/life-10.png using Guid(a47417b08b5d43749aeb8e9a3793c4c4) Importer(815301076,1909f56bfc062723c751e8b465ee728b) (PreviewImporter) -> (artifact id: '3c74d6a59fd6e5bb30e5176ef81c65ae') in 0.0059011 seconds
Number of updated asset objects reloaded before import = 0Number of asset objects unloaded after import = 3

========================================================================
Received Import Request.
  Time since last request: 0.000012 seconds.
  path: Assets/Sprites/selection-square.png
  artifactKey: Guid(cde43f36540085342a05769ca4c52344) Importer(815301076,1909f56bfc062723c751e8b465ee728b)
Start importing Assets/Sprites/selection-square.png using Guid(cde43f36540085342a05769ca4c52344) Importer(815301076,1909f56bfc062723c751e8b465ee728b) (PreviewImporter) -> (artifact id: 'e7564e25892995881a1575414eff3176') in 0.0070856 seconds
Number of updated asset objects reloaded before import = 0Number of asset objects unloaded after import = 3

========================================================================
Received Import Request.
  Time since last request: 0.000011 seconds.
  path: Assets/Photon/PhotonUnityNetworking/Demos/Shared Assets/Skin/DropDown Arrow.png
  artifactKey: Guid(936345f7fc3934efa8119a8700d904c7) Importer(815301076,1909f56bfc062723c751e8b465ee728b)
Start importing Assets/Photon/PhotonUnityNetworking/Demos/Shared Assets/Skin/DropDown Arrow.png using Guid(936345f7fc3934efa8119a8700d904c7) Importer(815301076,1909f56bfc062723c751e8b465ee728b) (PreviewImporter) -> (artifact id: 'be453625fd3f989148e635d79d4e9d20') in 0.0061268 seconds
Number of updated asset objects reloaded before import = 0Number of asset objects unloaded after import = 3

Editor requested this worker to shutdown with reason: Scaling down because of idle timeout
AssetImportWorker is now disconnected from the server
Process exiting
Exiting without the bug reporter. Application will terminate with return code 0