
=== Sun Dec 16 15:44:04 2018

Packages were changed.
Update Mode: updateDependencies

The following packages were added:
  com.unity.collab-proxy@1.2.15
The following packages were updated:
  com.unity.ads from version 2.0.8 to 2.3.1
  com.unity.analytics from version 2.0.16 to 3.2.2
  com.unity.package-manager-ui from version 1.9.11 to 2.0.3
  com.unity.textmeshpro from version 1.2.4 to 1.3.0

=== Tue Apr  2 13:08:20 2019

Packages were changed.
Update Mode: updateDependencies

The following packages were updated:
  com.unity.package-manager-ui from version 2.0.3 to 2.0.7

=== Sun Dec  3 14:07:16 2023

Packages were changed.
Update Mode: updateDependencies

The following packages were added:
  com.unity.2d.sprite@1.0.0
  com.unity.2d.tilemap@1.0.0
  com.unity.ide.rider@3.0.26
  com.unity.ide.visualstudio@2.0.22
  com.unity.modules.androidjni@1.0.0
  com.unity.test-framework@1.3.9
  com.unity.timeline@1.8.6
  com.unity.ugui@2.0.0
  com.unity.xr.legacyinputhelpers@2.1.10
  com.unity.ai.navigation@2.0.0
  com.unity.modules.accessibility@1.0.0
The following packages were updated:
  com.unity.ads from version 2.3.1 to 4.4.2
  com.unity.analytics from version 3.2.2 to 3.8.1
  com.unity.collab-proxy from version 1.2.15 to 2.2.0
  com.unity.postprocessing from version 2.1.6 to 3.3.0
  com.unity.purchasing from version 2.0.3 to 4.10.0
The following packages were removed:
  com.unity.package-manager-ui@2.0.7
  com.unity.textmeshpro@1.3.0
